\BOOKMARK [-1][-]{part*.4}{\376\377\000N\036\330\000I\000\040\000D\000U\000N\000G\000\040\000B\000\301\000O\000\040\000C\000\301\000O}{}% 1
\BOOKMARK [0][-]{chapter*.5}{\376\377\000G\000i\036\333\000i\000\040\000t\000h\000i\036\307\000u\000\040\000v\036\301\000\040\001\021\036\301\000\040\000t\000\340\000i}{part*.4}% 2
\BOOKMARK [0][-]{chapter.1}{\376\377\000P\000h\036\247\000n\000\040\000c\036\351\000n\000g}{part*.4}% 3
\BOOKMARK [1][-]{section.1.1}{\376\377\000D\000a\000n\000h\000\040\000s\000\341\000c\000h\000\040\000p\000h\036\247\000n\000\040\000c\036\351\000n\000g}{chapter.1}% 4
\BOOKMARK [1][-]{section.1.2}{\376\377\000V\000i\000\040\001\021\000i\036\301\000u\000\040\000k\000h\000i\036\303\000n\000\040\000P\000I\000C\000\040\0001\0006\000F\0008\0008\0007}{chapter.1}% 5
\BOOKMARK [2][-]{subsection.1.2.1}{\376\377\000S\001\241\000\040\001\021\036\323\000\040\000c\000h\000\342\000n}{section.1.2}% 6
\BOOKMARK [2][-]{subsection.1.2.2}{\376\377\000L\000\340\000m\000\040\000m\036\241\000c\000h\000\040\001\021\000i\036\301\000u\000\040\000k\000h\000i\036\303\000n}{section.1.2}% 7
\BOOKMARK [1][-]{section.1.3}{\376\377\000M\000\340\000n\000\040\000h\000\354\000n\000h\000\040\000h\000i\036\303\000n\000\040\000t\000h\036\313\000\040\000L\000C\000D}{chapter.1}% 8
\BOOKMARK [2][-]{subsection.1.3.1}{\376\377\000S\001\241\000\040\001\021\036\323\000\040\000c\000h\000\342\000n\000\040\000v\000\340\000\040\000c\000h\036\351\000c\000\040\000n\001\003\000n\000g\000\040\000c\036\347\000a\000\040\000c\000\341\000c\000\040\000c\000h\000\342\000n\000\040\000t\000r\000o\000n\000g\000\040\000L\000C\000D}{section.1.3}% 9
\BOOKMARK [2][-]{subsection.1.3.2}{\376\377\000K\036\277\000t\000\040\000n\036\321\000i\000\040\000L\000C\000D\000\040\000v\036\333\000i\000\040\000v\000i\000\040\001\021\000i\036\301\000u\000\040\000k\000h\000i\036\303\000n\000\040\000P\000I\000C\000\040\0001\0006\000F\0008\0008\0007}{section.1.3}% 10
\BOOKMARK [2][-]{subsection.1.3.3}{\376\377\000T\036\255\000p\000\040\000l\036\307\000n\000h\000\040\000c\036\347\000a\000\040\000L\000C\000D}{section.1.3}% 11
\BOOKMARK [2][-]{subsection.1.3.4}{\376\377\001\020\000i\036\301\000u\000\040\000k\000h\000i\036\303\000n\000\040\000L\000C\000D}{section.1.3}% 12
\BOOKMARK [1][-]{section.1.4}{\376\377\000C\036\243\000m\000\040\000b\000i\036\277\000n\000\040\000n\000h\000i\036\307\000t\000\040\001\021\036\331\000\040\000D\000S\0001\0008\000B\0002\0000}{chapter.1}% 13
\BOOKMARK [2][-]{subsection.1.4.1}{\376\377\000T\000h\000\364\000n\000g\000\040\000s\036\321\000\040\000k\036\371\000\040\000t\000h\000u\036\255\000t}{section.1.4}% 14
\BOOKMARK [2][-]{subsection.1.4.2}{\376\377\000S\001\241\000\040\001\021\036\323\000\040\000c\000h\000\342\000n\000\040\000v\000\340\000\040\000c\000\341\000c\000\040\000k\036\277\000t\000\040\000n\036\321\000i\000\040\000v\036\333\000i\000\040\000v\000i\000\040\001\021\000i\036\301\000u\000\040\000k\000h\000i\036\303\000n\000\040\000P\000I\000C\0001\0006\000F\0008\0008\0007}{section.1.4}% 15
\BOOKMARK [2][-]{subsection.1.4.3}{\376\377\000G\000i\000a\000o\000\040\000t\000h\036\351\000c\000\040\000g\000i\000a\000o\000\040\000t\000i\036\277\000p\000\040\000m\036\331\000t\000\040\000d\000\342\000y}{section.1.4}% 16
\BOOKMARK [2][-]{subsection.1.4.4}{\376\377\001\020\036\315\000c\000\040\000n\000h\000i\036\307\000t\000\040\001\021\036\331\000\040\000t\036\353\000\040\000c\036\243\000m\000\040\000b\000i\036\277\000n\000\040\000D\000S\0001\0008\000B\0002\0000}{section.1.4}% 17
\BOOKMARK [1][-]{section.1.5}{\376\377\001\020\000i\036\301\000u\000\040\000k\000h\000i\036\303\000n\000\040\000t\036\257\000t\000\040\000m\036\337\000\040\001\021\036\331\000n\000g\000\040\000k\036\277\000t\000\040\000h\036\343\000p\000\040\000v\036\333\000i\000\040\000M\000o\000d\000u\000l\000e\000\040\000R\000e\000l\000a\000y}{chapter.1}% 18
\BOOKMARK [2][-]{subsection.1.5.1}{\376\377\000C\000\341\000c\000h\000\040\000k\036\277\000t\000\040\000n\036\321\000i\000\040\000v\036\333\000i\000\040\000P\000I\000C\0001\0006\000F\0008\0008\0007}{section.1.5}% 19
\BOOKMARK [2][-]{subsection.1.5.2}{\376\377\000T\000h\036\361\000c\000\040\000h\000i\036\307\000n\000\040\000k\000\355\000c\000h\000\040\000R\000e\000l\000a\000y\000\040\001\021\000\363\000n\000g\000\040\000m\036\337\000\040\001\021\036\331\000n\000g\000\040\000c\001\241}{section.1.5}% 20
\BOOKMARK [0][-]{chapter.2}{\376\377\000P\000h\036\247\000n\000\040\000m\036\301\000m}{part*.4}% 21
\BOOKMARK [1][-]{section.2.1}{\376\377\000C\000h\001\260\001\241\000n\000g\000\040\000t\000r\000\354\000n\000h\000\040\000c\000h\000\355\000n\000h}{chapter.2}% 22
\BOOKMARK [1][-]{section.2.2}{\376\377\000C\000\341\000c\000\040\000c\000h\001\260\001\241\000n\000g\000\040\000t\000r\000\354\000n\000h\000\040\000c\000o\000n}{chapter.2}% 23
\BOOKMARK [2][-]{subsection.2.2.1}{\376\377\000F\000i\000l\000e\000\040\000k\000h\000a\000i\000\040\000b\000\341\000o}{section.2.2}% 24
\BOOKMARK [2][-]{subsection.2.2.2}{\376\377\000C\000\341\000c\000\040\000f\000i\000l\000e\000\040\001\021\000\343\000\040\001\021\001\260\036\343\000c\000\040\000t\000r\000\354\000n\000h\000\040\000b\000\340\000y\000\040\036\337\000\040\000c\000\341\000c\000\040\000p\000h\036\247\000n\000\040\000t\000r\001\260\036\333\000c}{section.2.2}% 25
\BOOKMARK [2][-]{subsection.2.2.3}{\376\377\000F\000i\000l\000e\000\040\000k\000h\000a\000i\000\040\000b\000\341\000o\000\040\001\021\036\313\000a\000\040\000c\000h\036\311\000\040\000\364\000\040\000n\000h\036\333\000\040\000E\000E\000P\000R\000O\000M}{section.2.2}% 26
\BOOKMARK [2][-]{subsection.2.2.4}{\376\377\000F\000i\000l\000e\000\040\000c\000h\001\260\001\241\000n\000g\000\040\000t\000r\000\354\000n\000h\000\040\000k\000\355\000c\000h\000\040\000R\000e\000l\000a\000y\000\040\001\021\000\363\000n\000g\000\040\000m\036\337\000\040\001\021\036\331\000n\000g\000\040\000c\001\241}{section.2.2}% 27
\BOOKMARK [2][-]{subsection.2.2.5}{\376\377\000F\000i\000l\000e\000\040\000c\000h\001\260\001\241\000n\000g\000\040\000t\000r\000\354\000n\000h\000\040\001\021\036\315\000c\000\040\000g\000i\000\341\000\040\000t\000r\036\313\000\040\000g\000h\000i\000\040\000t\000r\000\352\000n\000\040\000n\000\372\000t\000\040\000n\000h\036\245\000n}{section.2.2}% 28
\BOOKMARK [0][-]{chapter.3}{\376\377\000M\000\364\000\040\000h\000\354\000n\000h\000\040\040\023\000\040\000K\036\277\000t\000\040\000q\000u\036\243}{part*.4}% 29
\BOOKMARK [1][-]{section.3.1}{\376\377\000M\036\241\000c\000h\000\040\000m\000\364\000\040\000p\000h\036\317\000n\000g\000\040\000b\036\261\000n\000g\000\040\000P\000r\000o\000t\000u\000e\000s}{chapter.3}% 30
\BOOKMARK [1][-]{section.3.2}{\376\377\000K\036\277\000t\000\040\000q\000u\036\243\000\040\000l\000\340\000m\000\040\000m\036\241\000c\000h\000\040\000t\000h\036\361\000c\000\040\000t\036\277}{chapter.3}% 31
\BOOKMARK [-1][-]{part*.6}{\376\377\000P\000H\036\344\000\040\000L\036\344\000C}{}% 32
\BOOKMARK [0][-]{appendix.A}{\376\377\000C\000\341\000c\000\040\000p\000h\036\247\000n\000\040\000c\036\351\000n\000g\000\040\000v\000\340\000\040\000s\001\241\000\040\001\021\036\323\000\040\001\021\001\260\036\343\000c\000\040\000d\000\371\000n\000g\000\040\000t\000r\000o\000n\000g\000\040\001\021\036\301\000\040\000t\000\340\000i}{part*.6}% 33
\BOOKMARK [0][-]{appendix.B}{\376\377\000N\036\331\000i\000\040\000d\000u\000n\000g\000\040\000c\036\347\000a\000\040\000c\000\341\000c\000\040\000f\000i\000l\000e\000\040\000t\000h\001\260\000\040\000v\000i\036\307\000n\000\040\001\021\001\260\036\343\000c\000\040\000s\036\355\000\040\000d\036\345\000n\000g\000\040\000t\000r\000o\000n\000g\000\040\000c\000h\001\260\001\241\000n\000g\000\040\000t\000r\000\354\000n\000h}{part*.6}% 34
\BOOKMARK [1][-]{section.B.1}{\376\377\001\020\036\313\000n\000h\000\040\000n\000g\000h\001\051\000a\000\040\000P\000I\000C\0001\0006\000F\0008\0008\0007\000\040\000-\000\040\000f\000i\000l\000e\000\040\000D\000E\000F\000\137\0008\0008\0007\000.\000H}{appendix.B}% 35
\BOOKMARK [1][-]{section.B.2}{\376\377\001\020\036\313\000n\000h\000\040\000n\000g\000h\001\051\000a\000\040\000c\000\341\000c\000\040\000c\000h\000\342\000n\000\040\001\021\001\260\036\343\000c\000\040\000s\036\355\000\040\000d\036\345\000n\000g\000\040\000t\000r\000o\000n\000g\000\040\001\021\036\301\000\040\000t\000\340\000i\000\040\000-\000\040\000f\000i\000l\000e\000\040\000D\000E\000F\000\137\000P\000I\000N\000.\000H}{appendix.B}% 36
\BOOKMARK [1][-]{section.B.3}{\376\377\000T\000h\001\260\000\040\000v\000i\036\307\000n\000\040\000L\000C\000D\000\040\000-\000\040\000f\000i\000l\000e\000\040\000L\000C\000D\000\137\000L\000I\000B\000\137\0004\000B\000I\000T\000.\000C}{appendix.B}% 37
\BOOKMARK [1][-]{section.B.4}{\376\377\000C\000h\000u\036\251\000n\000\040\000g\000i\000a\000o\000\040\000t\000i\036\277\000p\000\040\000m\036\331\000t\000\040\000d\000\342\000y\000\040\000-\000\040\000f\000i\000l\000e\000\040\000O\000N\000E\000W\000I\000R\000E\000.\000C}{appendix.B}% 38
\BOOKMARK [1][-]{section.B.5}{\376\377\001\020\036\315\000c\000\040\000n\000h\000i\036\307\000t\000\040\001\021\036\331\000\040\000t\036\353\000\040\000c\036\243\000m\000\040\000b\000i\036\277\000n\000\040\000D\000S\0001\0008\000B\0002\0000\000\040\000-\000\040\000F\000i\000l\000e\000\040\000D\000S\0001\0008\000B\0002\0000\000.\000C}{appendix.B}% 39
