\BOOKMARK [0][-]{chapter*.4}{\376\377\000M\036\337\000\040\001\021\036\247\000u}{}% 1
\BOOKMARK [0][-]{part*.5}{\376\377\000N\036\330\000I\000\040\000D\000U\000N\000G\000\040\000B\000\301\000O\000\040\000C\000\301\000O\000\040\000T\000H\036\360\000C\000\040\000T\036\254\000P}{}% 2
\BOOKMARK [0][-]{chapter.1}{\376\377\000L\000E\000D\000\040\001\020\001\240\000N}{}% 3
\BOOKMARK [1][-]{section.1.1}{\376\377\000G\000i\036\333\000i\000\040\000t\000h\000i\036\307\000u\000\040\000c\000h\000u\000n\000g}{chapter.1}% 4
\BOOKMARK [2][-]{subsection.1.1.1}{\376\377\000Y\000\352\000u\000\040\000c\036\247\000u}{section.1.1}% 5
\BOOKMARK [2][-]{subsection.1.1.2}{\376\377\000L\000E\000D}{section.1.1}% 6
\BOOKMARK [2][-]{subsection.1.1.3}{\376\377\000S\001\241\000\040\001\021\036\323\000\040\000m\036\241\000c\000h}{section.1.1}% 7
\BOOKMARK [1][-]{section.1.2}{\376\377\000C\000\341\000c\000h\000\040\001\021\000i\036\301\000u\000\040\000k\000h\000i\036\303\000n\000\040\000c\000\341\000c\000\040\000c\000h\000\342\000n\000\040\000x\000u\036\245\000t\000\040\000n\000h\036\255\000p\000\040\000s\036\321}{chapter.1}% 8
\BOOKMARK [1][-]{section.1.3}{\376\377\000B\000\340\000i\000\040\000t\036\255\000p}{chapter.1}% 9
\BOOKMARK [2][-]{subsection.1.3.1}{\376\377\000B\000\340\000i\000\040\000t\036\255\000p\000\040\0001\000.\0001}{section.1.3}% 10
\BOOKMARK [2][-]{subsection.1.3.2}{\376\377\000B\000\340\000i\000\040\000t\036\255\000p\000\040\0001\000.\0002}{section.1.3}% 11
\BOOKMARK [2][-]{subsection.1.3.3}{\376\377\000B\000\340\000i\000\040\000t\036\255\000p\000\040\0001\000.\0003}{section.1.3}% 12
\BOOKMARK [0][-]{chapter.2}{\376\377\000H\000I\036\302\000N\000\040\000T\000H\036\312\000\040\000K\000\335\000\040\000T\036\360\000\040\000T\000R\000\312\000N\000\040\000L\000C\000D}{}% 13
\BOOKMARK [1][-]{section.2.1}{\376\377\000G\000i\036\333\000i\000\040\000t\000h\000i\036\307\000u\000\040\000c\000h\000u\000n\000g}{chapter.2}% 14
\BOOKMARK [2][-]{subsection.2.1.1}{\376\377\000Y\000\352\000u\000\040\000c\036\247\000u}{section.2.1}% 15
\BOOKMARK [2][-]{subsection.2.1.2}{\376\377\000L\000C\000D}{section.2.1}% 16
\BOOKMARK [2][-]{subsection.2.1.3}{\376\377\000S\001\241\000\040\001\021\036\323\000\040\000m\036\241\000c\000h}{section.2.1}% 17
\BOOKMARK [1][-]{section.2.2}{\376\377\000S\036\355\000\040\000d\036\345\000n\000g\000\040\000c\000\341\000c\000\040\000l\036\307\000n\000h\000\040\000c\001\241\000\040\000b\036\243\000n\000\040\000c\000h\000o\000\040\000L\000C\000D}{chapter.2}% 18
\BOOKMARK [1][-]{section.2.3}{\376\377\000B\000\340\000i\000\040\000t\036\255\000p}{chapter.2}% 19
\BOOKMARK [2][-]{subsection.2.3.1}{\376\377\000B\000\340\000i\000\040\000t\036\255\000p\000\040\0002\000.\0001}{section.2.3}% 20
\BOOKMARK [2][-]{subsection.2.3.2}{\376\377\000B\000\340\000i\000\040\000t\036\255\000p\000\040\0002\000.\0002}{section.2.3}% 21
\BOOKMARK [2][-]{subsection.2.3.3}{\376\377\000B\000\340\000i\000\040\000t\036\255\000p\000\040\0002\000.\0003}{section.2.3}% 22
\BOOKMARK [0][-]{chapter.3}{\376\377\000X\036\354\000\040\000L\000\335\000\040\000N\000G\036\256\000T}{}% 23
\BOOKMARK [1][-]{section.3.1}{\376\377\000G\000i\036\333\000i\000\040\000t\000h\000i\036\307\000u\000\040\000c\000h\000u\000n\000g}{chapter.3}% 24
\BOOKMARK [2][-]{subsection.3.1.1}{\376\377\000Y\000\352\000u\000\040\000c\036\247\000u}{section.3.1}% 25
\BOOKMARK [2][-]{subsection.3.1.2}{\376\377\000H\000o\036\241\000t\000\040\001\021\036\331\000n\000g\000\040\000n\000g\036\257\000t}{section.3.1}% 26
\BOOKMARK [1][-]{section.3.2}{\376\377\000T\000h\000i\036\277\000t\000\040\000l\036\255\000p\000\040\000h\000o\036\241\000t\000\040\001\021\036\331\000n\000g\000\040\000n\000g\036\257\000t}{chapter.3}% 27
\BOOKMARK [1][-]{section.3.3}{\376\377\000B\000\340\000i\000\040\000t\036\255\000p}{chapter.3}% 28
\BOOKMARK [2][-]{subsection.3.3.1}{\376\377\000B\000\340\000i\000\040\000t\036\255\000p\000\040\0003\000.\0001}{section.3.3}% 29
\BOOKMARK [2][-]{subsection.3.3.2}{\376\377\000B\000\340\000i\000\040\000t\036\255\000p\000\040\0003\000.\0002}{section.3.3}% 30
\BOOKMARK [2][-]{subsection.3.3.3}{\376\377\000B\000\340\000i\000\040\000t\036\255\000p\000\040\0003\000.\0003}{section.3.3}% 31
\BOOKMARK [2][-]{subsection.3.3.4}{\376\377\000B\000\340\000i\000\040\000t\036\255\000p\000\040\0003\000.\0004}{section.3.3}% 32
\BOOKMARK [2][-]{subsection.3.3.5}{\376\377\001\020\036\315\000c\000\040\000t\000\355\000n\000\040\000h\000i\036\307\000u\000\040\000t\036\353\000\040\000n\000\372\000t\000\040\000n\000h\036\245\000n\000\040\000v\036\333\000i\000\040\000h\000\340\000m\000\040\000I\000N\000P\000U\000T}{section.3.3}% 33
\BOOKMARK [0][-]{chapter.4}{\376\377\000X\036\354\000\040\000L\000\335\000\040\000A\000D\000C}{}% 34
\BOOKMARK [1][-]{section.4.1}{\376\377\000G\000i\036\333\000i\000\040\000t\000h\000i\036\307\000u\000\040\000c\000h\000u\000n\000g}{chapter.4}% 35
\BOOKMARK [2][-]{subsection.4.1.1}{\376\377\000Y\000\352\000u\000\040\000c\036\247\000u}{section.4.1}% 36
\BOOKMARK [2][-]{subsection.4.1.2}{\376\377\000A\000D\000C}{section.4.1}% 37
\BOOKMARK [2][-]{subsection.4.1.3}{\376\377\000S\001\241\000\040\001\021\036\323\000\040\000m\036\241\000c\000h}{section.4.1}% 38
\BOOKMARK [1][-]{section.4.2}{\376\377\000C\036\245\000u\000\040\000h\000\354\000n\000h\000\040\000A\000D\000C}{chapter.4}% 39
\BOOKMARK [1][-]{section.4.3}{\376\377\000B\000\340\000i\000\040\000t\036\255\000p}{chapter.4}% 40
\BOOKMARK [2][-]{subsection.4.3.1}{\376\377\000B\000\340\000i\000\040\000t\036\255\000p\000\040\0004\000.\0001}{section.4.3}% 41
\BOOKMARK [2][-]{subsection.4.3.2}{\376\377\000B\000\340\000i\000\040\000t\036\255\000p\000\040\0004\000.\0002}{section.4.3}% 42
\BOOKMARK [2][-]{subsection.4.3.3}{\376\377\000B\000\340\000i\000\040\000t\036\255\000p\000\040\0004\000.\0003}{section.4.3}% 43
\BOOKMARK [0][-]{chapter.5}{\376\377\000T\000I\000M\000E\000R}{}% 44
\BOOKMARK [1][-]{section.5.1}{\376\377\000G\000i\036\333\000i\000\040\000t\000h\000i\036\307\000u\000\040\000c\000h\000u\000n\000g}{chapter.5}% 45
\BOOKMARK [2][-]{subsection.5.1.1}{\376\377\000Y\000\352\000u\000\040\000c\036\247\000u}{section.5.1}% 46
\BOOKMARK [2][-]{subsection.5.1.2}{\376\377\000T\000i\000m\000e\000r\000/\000C\000o\000u\000n\000t\000e\000r}{section.5.1}% 47
\BOOKMARK [1][-]{section.5.2}{\376\377\000C\000\341\000c\000\040\000l\036\307\000n\000h\000\040\000c\036\347\000a\000\040\000T\000i\000m\000e\000r\000/\000C\000o\000u\000n\000t\000e\000r}{chapter.5}% 48
\BOOKMARK [1][-]{section.5.3}{\376\377\000B\000\340\000i\000\040\000t\036\255\000p}{chapter.5}% 49
\BOOKMARK [2][-]{subsection.5.3.1}{\376\377\000B\000\340\000i\000\040\000t\036\255\000p\000\040\0005\000.\0001}{section.5.3}% 50
\BOOKMARK [2][-]{subsection.5.3.2}{\376\377\000B\000\340\000i\000\040\000t\036\255\000p\000\040\0005\000.\0002}{section.5.3}% 51
\BOOKMARK [2][-]{subsection.5.3.3}{\376\377\000B\000\340\000i\000\040\000t\036\255\000p\000\040\0005\000.\0003}{section.5.3}% 52
\BOOKMARK [0][-]{chapter.6}{\376\377\000G\000I\000A\000O\000\040\000T\000I\036\276\000P\000\040\000I\0002\000C}{}% 53
\BOOKMARK [1][-]{section.6.1}{\376\377\000G\000i\036\333\000i\000\040\000t\000h\000i\036\307\000u\000\040\000c\000h\000u\000n\000g}{chapter.6}% 54
\BOOKMARK [2][-]{subsection.6.1.1}{\376\377\000Y\000\352\000u\000\040\000c\036\247\000u}{section.6.1}% 55
\BOOKMARK [2][-]{subsection.6.1.2}{\376\377\000C\000h\000u\036\251\000n\000\040\000I\0002\000C}{section.6.1}% 56
\BOOKMARK [1][-]{section.6.2}{\376\377\000G\000i\000a\000o\000\040\000t\000i\036\277\000p\000\040\000c\000h\000u\036\251\000n\000\040\000I\0002\000C\000\040\000v\036\333\000i\000\040\000C\000C\000S}{chapter.6}% 57
\BOOKMARK [1][-]{section.6.3}{\376\377\000B\000\340\000i\000\040\000t\036\255\000p}{chapter.6}% 58
\BOOKMARK [2][-]{subsection.6.3.1}{\376\377\000B\000\340\000i\000\040\000t\036\255\000p\000\040\0006\000.\0001}{section.6.3}% 59
\BOOKMARK [2][-]{subsection.6.3.2}{\376\377\000B\000\340\000i\000\040\000t\036\255\000p\000\040\0006\000.\0002}{section.6.3}% 60
\BOOKMARK [2][-]{subsection.6.3.3}{\376\377\000B\000\340\000i\000\040\000t\036\255\000p\000\040\0006\000.\0003}{section.6.3}% 61
\BOOKMARK [2][-]{subsection.6.3.4}{\376\377\000M\000\364\000\040\000p\000h\036\317\000n\000g\000\040\000c\036\243\000m\000\040\000b\000i\036\277\000n\000\040\000n\000h\000i\036\307\000t\000\040\000T\000C\0007\0004\000\040\000v\036\333\000i\000\040\000P\000r\000o\000t\000u\000e\000s}{section.6.3}% 62
\BOOKMARK [0][-]{chapter.7}{\376\377\000G\000I\000A\000O\000\040\000T\000I\036\276\000P\000\040\000R\000S\0002\0003\0002}{}% 63
\BOOKMARK [1][-]{section.7.1}{\376\377\000G\000i\036\333\000i\000\040\000t\000h\000i\036\307\000u\000\040\000c\000h\000u\000n\000g}{chapter.7}% 64
\BOOKMARK [2][-]{subsection.7.1.1}{\376\377\000Y\000\352\000u\000\040\000c\036\247\000u}{section.7.1}% 65
\BOOKMARK [2][-]{subsection.7.1.2}{\376\377\000M\000o\000d\000u\000l\000e\000\040\000R\000S\0002\0003\0002}{section.7.1}% 66
\BOOKMARK [1][-]{section.7.2}{\376\377\000C\000\341\000c\000\040\000l\036\307\000n\000h\000\040\000g\000i\000a\000o\000\040\000t\000i\036\277\000p\000\040\000R\000S\0002\0003\0002}{chapter.7}% 67
\BOOKMARK [1][-]{section.7.3}{\376\377\000B\000\340\000i\000\040\000t\036\255\000p}{chapter.7}% 68
\BOOKMARK [2][-]{subsection.7.3.1}{\376\377\000B\000\340\000i\000\040\000t\036\255\000p\000\040\0007\000.\0001}{section.7.3}% 69
\BOOKMARK [2][-]{subsection.7.3.2}{\376\377\000B\000\340\000i\000\040\000t\036\255\000p\000\040\0007\000.\0002}{section.7.3}% 70
\BOOKMARK [2][-]{subsection.7.3.3}{\376\377\000B\000\340\000i\000\040\000t\036\255\000p\000\040\0007\000.\0003}{section.7.3}% 71
\BOOKMARK [0][-]{chapter.8}{\376\377\001\020\000I\036\300\000U\000\040\000K\000H\000I\036\302\000N\000\040\001\020\036\330\000N\000G\000\040\000C\001\240\000\040\000D\000C}{}% 72
\BOOKMARK [1][-]{section.8.1}{\376\377\000G\000i\036\333\000i\000\040\000t\000h\000i\036\307\000u\000\040\000c\000h\000u\000n\000g}{chapter.8}% 73
\BOOKMARK [2][-]{subsection.8.1.1}{\376\377\000Y\000\352\000u\000\040\000c\036\247\000u}{section.8.1}% 74
\BOOKMARK [2][-]{subsection.8.1.2}{\376\377\001\020\036\331\000n\000g\000\040\000c\001\241\000\040\000D\000C}{section.8.1}% 75
\BOOKMARK [1][-]{section.8.2}{\376\377\000C\000\341\000c\000\040\000b\000\340\000i\000\040\000t\000o\000\341\000n\000\040\001\021\000i\036\301\000u\000\040\000k\000h\000i\036\303\000n\000\040\001\021\036\331\000n\000g\000\040\000c\001\241}{chapter.8}% 76
\BOOKMARK [2][-]{subsection.8.2.1}{\376\377\001\020\000i\036\301\000u\000\040\000k\000h\000i\036\303\000n\000\040\000c\000h\000i\036\301\000u\000\040\000q\000u\000a\000y\000\040\000c\036\347\000a\000\040\001\021\036\331\000n\000g\000\040\000c\001\241}{section.8.2}% 77
\BOOKMARK [2][-]{subsection.8.2.2}{\376\377\001\020\000i\036\301\000u\000\040\000k\000h\000i\036\303\000n\000\040\000t\036\321\000c\000\040\001\021\036\331\000\040\000q\000u\000a\000y\000\040\000c\036\347\000a\000\040\001\021\036\331\000n\000g\000\040\000c\001\241}{section.8.2}% 78
\BOOKMARK [1][-]{section.8.3}{\376\377\000B\000\340\000i\000\040\000t\036\255\000p}{chapter.8}% 79
\BOOKMARK [2][-]{subsection.8.3.1}{\376\377\000B\000\340\000i\000\040\000t\036\255\000p\000\040\0008\000.\0001}{section.8.3}% 80
\BOOKMARK [2][-]{subsection.8.3.2}{\376\377\000B\000\340\000i\000\040\000t\036\255\000p\000\040\0008\000.\0002}{section.8.3}% 81
\BOOKMARK [2][-]{subsection.8.3.3}{\376\377\001\020\000i\036\301\000u\000\040\000k\000h\000i\036\303\000n\000\040\000t\036\321\000c\000\040\001\021\036\331\000\040\001\021\036\331\000n\000g\000\040\000c\001\241\000\040\000v\036\333\000i\000\040\000T\000r\000a\000n\000s\000i\000s\000t\000o\000r}{section.8.3}% 82
\BOOKMARK [0][-]{chapter.9}{\376\377\001\020\000O\000\040\000K\000H\000O\036\242\000N\000G\000\040\000C\000\301\000C\000H\000\040\000B\036\260\000N\000G\000\040\000C\036\242\000M\000\040\000B\000I\036\276\000N\000\040\000S\000I\000\312\000U\000\040\000\302\000M\000\040\000S\000R\000F\0000\0005}{}% 83
\BOOKMARK [1][-]{section.9.1}{\376\377\000G\000i\036\333\000i\000\040\000t\000h\000i\036\307\000u\000\040\000c\000h\000u\000n\000g}{chapter.9}% 84
\BOOKMARK [2][-]{subsection.9.1.1}{\376\377\000Y\000\352\000u\000\040\000c\036\247\000u}{section.9.1}% 85
\BOOKMARK [2][-]{subsection.9.1.2}{\376\377\000C\036\243\000m\000\040\000b\000i\036\277\000n\000\040\000s\000i\000\352\000u\000\040\000\342\000m\000\040\000S\000R\000F\0000\0005}{section.9.1}% 86
\BOOKMARK [1][-]{section.9.2}{\376\377\001\020\000o\000\040\000k\000h\000o\036\243\000n\000g\000\040\000c\000\341\000c\000h\000\040\000v\036\333\000i\000\040\000c\036\243\000m\000\040\000b\000i\036\277\000n\000\040\000s\000i\000\352\000u\000\040\000\342\000m}{chapter.9}% 87
\BOOKMARK [1][-]{section.9.3}{\376\377\000B\000\340\000i\000\040\000t\036\255\000p}{chapter.9}% 88
\BOOKMARK [2][-]{subsection.9.3.1}{\376\377\000B\000\340\000i\000\040\000t\036\255\000p\000\040\0009\000.\0001}{section.9.3}% 89
\BOOKMARK [2][-]{subsection.9.3.2}{\376\377\000B\000\340\000i\000\040\000t\036\255\000p\000\040\0009\000.\0002}{section.9.3}% 90
\BOOKMARK [-1][-]{part*.145}{\376\377\000P\000H\036\344\000\040\000L\036\344\000C}{}% 91
\BOOKMARK [0][-]{appendix.A}{\376\377\000S\036\355\000\040\000d\036\345\000n\000g\000\040\000P\000I\000C\000K\000i\000t\000\040\0002\000\040\000P\000r\000o\000g\000r\000a\000m\000m\000e\000r}{part*.145}% 92
\BOOKMARK [0][-]{appendix.B}{\376\377\000T\000h\001\260\000\040\000v\000i\036\307\000n\000\040\000D\000E\000F\000\137\0008\0008\0007\000.\000H}{part*.145}% 93
\BOOKMARK [0][-]{appendix.C}{\376\377\000T\000h\001\260\000\040\000v\000i\036\307\000n\000\040\000L\000C\000D\000\137\000L\000I\000B\000\137\0004\000B\000I\000T\000.\000C}{part*.145}% 94
\BOOKMARK [0][-]{appendix.D}{\376\377\000H\000i\036\303\000n\000\040\000t\000h\036\313\000\040\000v\036\333\000i\000\040\000L\000E\000D\000\040\0007\000\040\001\021\000o\036\241\000n}{part*.145}% 95
\BOOKMARK [0][-]{appendix.E}{\376\377\000T\000h\001\260\000\040\000v\000i\036\307\000n\000\040\000R\000T\000C\000\040\000D\000S\0003\0002\0003\0001}{part*.145}% 96
\BOOKMARK [0][-]{appendix.F}{\376\377\000C\000\341\000c\000\040\000k\000h\000a\000i\000\040\000b\000\341\000o\000\040\000s\000a\000u\000\040\000\043\000F\000U\000S\000E\000S}{part*.145}% 97
