This is pdfTeX, Version 3.1415926-2.5-1.40.14 (TeX Live 2013/Debian) (format=pdflatex 2016.2.12)  24 MAY 2016 23:43
entering extended mode
 restricted \write18 enabled.
 %&-line parsing enabled.
**Bao-Cao-Vi-Dieu-Khien.tex
(./Bao-Cao-Vi-Dieu-Khien.tex
LaTeX2e <2011/06/27>
Babel <3.9h> and hyphenation patterns for 78 languages loaded.
(./extreport.cls
Document Class: extreport 1996/10/08 v1.0 Non Standard LaTeX document class
(./size13.clo
File: size13.clo 1999/11/11 v1.4a NON-Standard LaTeX file (size option)
) (/usr/share/texlive/texmf-dist/tex/latex/base/exscale.sty
Package: exscale 2007/10/29 v2.1h Standard LaTeX package exscale
LaTeX Font Info:    Redeclaring symbol font `largesymbols' on input line 52.
LaTeX Font Info:    Overwriting symbol font `largesymbols' in version `normal'
(Font)                  OMX/cmex/m/n --> OMX/cmex/m/n on input line 52.
LaTeX Font Info:    Overwriting symbol font `largesymbols' in version `bold'
(Font)                  OMX/cmex/m/n --> OMX/cmex/m/n on input line 52.
\big@size=\dimen102
)
\c@part=\count79
\c@chapter=\count80
\c@section=\count81
\c@subsection=\count82
\c@subsubsection=\count83
\c@paragraph=\count84
\c@subparagraph=\count85
\c@figure=\count86
\c@table=\count87
\abovecaptionskip=\skip41
\belowcaptionskip=\skip42
\bibindent=\dimen103
)
(/usr/share/texlive/texmf-dist/tex/latex/base/inputenc.sty
Package: inputenc 2008/03/30 v1.1d Input encoding file
\inpenc@prehook=\toks14
\inpenc@posthook=\toks15

(/usr/share/texlive/texmf-dist/tex/latex/base/utf8.def
File: utf8.def 2008/04/05 v1.1m UTF-8 support for inputenc
Now handling font encoding OML ...
... no UTF-8 mapping file for font encoding OML
Now handling font encoding T1 ...
... processing UTF-8 mapping file for font encoding T1

(/usr/share/texlive/texmf-dist/tex/latex/base/t1enc.dfu
File: t1enc.dfu 2008/04/05 v1.1m UTF-8 support for inputenc
   defining Unicode char U+00A1 (decimal 161)
   defining Unicode char U+00A3 (decimal 163)
   defining Unicode char U+00AB (decimal 171)
   defining Unicode char U+00BB (decimal 187)
   defining Unicode char U+00BF (decimal 191)
   defining Unicode char U+00C0 (decimal 192)
   defining Unicode char U+00C1 (decimal 193)
   defining Unicode char U+00C2 (decimal 194)
   defining Unicode char U+00C3 (decimal 195)
   defining Unicode char U+00C4 (decimal 196)
   defining Unicode char U+00C5 (decimal 197)
   defining Unicode char U+00C6 (decimal 198)
   defining Unicode char U+00C7 (decimal 199)
   defining Unicode char U+00C8 (decimal 200)
   defining Unicode char U+00C9 (decimal 201)
   defining Unicode char U+00CA (decimal 202)
   defining Unicode char U+00CB (decimal 203)
   defining Unicode char U+00CC (decimal 204)
   defining Unicode char U+00CD (decimal 205)
   defining Unicode char U+00CE (decimal 206)
   defining Unicode char U+00CF (decimal 207)
   defining Unicode char U+00D0 (decimal 208)
   defining Unicode char U+00D1 (decimal 209)
   defining Unicode char U+00D2 (decimal 210)
   defining Unicode char U+00D3 (decimal 211)
   defining Unicode char U+00D4 (decimal 212)
   defining Unicode char U+00D5 (decimal 213)
   defining Unicode char U+00D6 (decimal 214)
   defining Unicode char U+00D8 (decimal 216)
   defining Unicode char U+00D9 (decimal 217)
   defining Unicode char U+00DA (decimal 218)
   defining Unicode char U+00DB (decimal 219)
   defining Unicode char U+00DC (decimal 220)
   defining Unicode char U+00DD (decimal 221)
   defining Unicode char U+00DE (decimal 222)
   defining Unicode char U+00DF (decimal 223)
   defining Unicode char U+00E0 (decimal 224)
   defining Unicode char U+00E1 (decimal 225)
   defining Unicode char U+00E2 (decimal 226)
   defining Unicode char U+00E3 (decimal 227)
   defining Unicode char U+00E4 (decimal 228)
   defining Unicode char U+00E5 (decimal 229)
   defining Unicode char U+00E6 (decimal 230)
   defining Unicode char U+00E7 (decimal 231)
   defining Unicode char U+00E8 (decimal 232)
   defining Unicode char U+00E9 (decimal 233)
   defining Unicode char U+00EA (decimal 234)
   defining Unicode char U+00EB (decimal 235)
   defining Unicode char U+00EC (decimal 236)
   defining Unicode char U+00ED (decimal 237)
   defining Unicode char U+00EE (decimal 238)
   defining Unicode char U+00EF (decimal 239)
   defining Unicode char U+00F0 (decimal 240)
   defining Unicode char U+00F1 (decimal 241)
   defining Unicode char U+00F2 (decimal 242)
   defining Unicode char U+00F3 (decimal 243)
   defining Unicode char U+00F4 (decimal 244)
   defining Unicode char U+00F5 (decimal 245)
   defining Unicode char U+00F6 (decimal 246)
   defining Unicode char U+00F8 (decimal 248)
   defining Unicode char U+00F9 (decimal 249)
   defining Unicode char U+00FA (decimal 250)
   defining Unicode char U+00FB (decimal 251)
   defining Unicode char U+00FC (decimal 252)
   defining Unicode char U+00FD (decimal 253)
   defining Unicode char U+00FE (decimal 254)
   defining Unicode char U+00FF (decimal 255)
   defining Unicode char U+0102 (decimal 258)
   defining Unicode char U+0103 (decimal 259)
   defining Unicode char U+0104 (decimal 260)
   defining Unicode char U+0105 (decimal 261)
   defining Unicode char U+0106 (decimal 262)
   defining Unicode char U+0107 (decimal 263)
   defining Unicode char U+010C (decimal 268)
   defining Unicode char U+010D (decimal 269)
   defining Unicode char U+010E (decimal 270)
   defining Unicode char U+010F (decimal 271)
   defining Unicode char U+0110 (decimal 272)
   defining Unicode char U+0111 (decimal 273)
   defining Unicode char U+0118 (decimal 280)
   defining Unicode char U+0119 (decimal 281)
   defining Unicode char U+011A (decimal 282)
   defining Unicode char U+011B (decimal 283)
   defining Unicode char U+011E (decimal 286)
   defining Unicode char U+011F (decimal 287)
   defining Unicode char U+0130 (decimal 304)
   defining Unicode char U+0131 (decimal 305)
   defining Unicode char U+0132 (decimal 306)
   defining Unicode char U+0133 (decimal 307)
   defining Unicode char U+0139 (decimal 313)
   defining Unicode char U+013A (decimal 314)
   defining Unicode char U+013D (decimal 317)
   defining Unicode char U+013E (decimal 318)
   defining Unicode char U+0141 (decimal 321)
   defining Unicode char U+0142 (decimal 322)
   defining Unicode char U+0143 (decimal 323)
   defining Unicode char U+0144 (decimal 324)
   defining Unicode char U+0147 (decimal 327)
   defining Unicode char U+0148 (decimal 328)
   defining Unicode char U+014A (decimal 330)
   defining Unicode char U+014B (decimal 331)
   defining Unicode char U+0150 (decimal 336)
   defining Unicode char U+0151 (decimal 337)
   defining Unicode char U+0152 (decimal 338)
   defining Unicode char U+0153 (decimal 339)
   defining Unicode char U+0154 (decimal 340)
   defining Unicode char U+0155 (decimal 341)
   defining Unicode char U+0158 (decimal 344)
   defining Unicode char U+0159 (decimal 345)
   defining Unicode char U+015A (decimal 346)
   defining Unicode char U+015B (decimal 347)
   defining Unicode char U+015E (decimal 350)
   defining Unicode char U+015F (decimal 351)
   defining Unicode char U+0160 (decimal 352)
   defining Unicode char U+0161 (decimal 353)
   defining Unicode char U+0162 (decimal 354)
   defining Unicode char U+0163 (decimal 355)
   defining Unicode char U+0164 (decimal 356)
   defining Unicode char U+0165 (decimal 357)
   defining Unicode char U+016E (decimal 366)
   defining Unicode char U+016F (decimal 367)
   defining Unicode char U+0170 (decimal 368)
   defining Unicode char U+0171 (decimal 369)
   defining Unicode char U+0178 (decimal 376)
   defining Unicode char U+0179 (decimal 377)
   defining Unicode char U+017A (decimal 378)
   defining Unicode char U+017B (decimal 379)
   defining Unicode char U+017C (decimal 380)
   defining Unicode char U+017D (decimal 381)
   defining Unicode char U+017E (decimal 382)
   defining Unicode char U+200C (decimal 8204)
   defining Unicode char U+2013 (decimal 8211)
   defining Unicode char U+2014 (decimal 8212)
   defining Unicode char U+2018 (decimal 8216)
   defining Unicode char U+2019 (decimal 8217)
   defining Unicode char U+201A (decimal 8218)
   defining Unicode char U+201C (decimal 8220)
   defining Unicode char U+201D (decimal 8221)
   defining Unicode char U+201E (decimal 8222)
   defining Unicode char U+2030 (decimal 8240)
   defining Unicode char U+2031 (decimal 8241)
   defining Unicode char U+2039 (decimal 8249)
   defining Unicode char U+203A (decimal 8250)
   defining Unicode char U+2423 (decimal 9251)
)
Now handling font encoding OT1 ...
... processing UTF-8 mapping file for font encoding OT1

(/usr/share/texlive/texmf-dist/tex/latex/base/ot1enc.dfu
File: ot1enc.dfu 2008/04/05 v1.1m UTF-8 support for inputenc
   defining Unicode char U+00A1 (decimal 161)
   defining Unicode char U+00A3 (decimal 163)
   defining Unicode char U+00B8 (decimal 184)
   defining Unicode char U+00BF (decimal 191)
   defining Unicode char U+00C5 (decimal 197)
   defining Unicode char U+00C6 (decimal 198)
   defining Unicode char U+00D8 (decimal 216)
   defining Unicode char U+00DF (decimal 223)
   defining Unicode char U+00E6 (decimal 230)
   defining Unicode char U+00EC (decimal 236)
   defining Unicode char U+00ED (decimal 237)
   defining Unicode char U+00EE (decimal 238)
   defining Unicode char U+00EF (decimal 239)
   defining Unicode char U+00F8 (decimal 248)
   defining Unicode char U+0131 (decimal 305)
   defining Unicode char U+0141 (decimal 321)
   defining Unicode char U+0142 (decimal 322)
   defining Unicode char U+0152 (decimal 338)
   defining Unicode char U+0153 (decimal 339)
   defining Unicode char U+2013 (decimal 8211)
   defining Unicode char U+2014 (decimal 8212)
   defining Unicode char U+2018 (decimal 8216)
   defining Unicode char U+2019 (decimal 8217)
   defining Unicode char U+201C (decimal 8220)
   defining Unicode char U+201D (decimal 8221)
)
Now handling font encoding OMS ...
... processing UTF-8 mapping file for font encoding OMS

(/usr/share/texlive/texmf-dist/tex/latex/base/omsenc.dfu
File: omsenc.dfu 2008/04/05 v1.1m UTF-8 support for inputenc
   defining Unicode char U+00A7 (decimal 167)
   defining Unicode char U+00B6 (decimal 182)
   defining Unicode char U+00B7 (decimal 183)
   defining Unicode char U+2020 (decimal 8224)
   defining Unicode char U+2021 (decimal 8225)
   defining Unicode char U+2022 (decimal 8226)
)
Now handling font encoding OMX ...
... no UTF-8 mapping file for font encoding OMX
Now handling font encoding U ...
... no UTF-8 mapping file for font encoding U
   defining Unicode char U+00A9 (decimal 169)
   defining Unicode char U+00AA (decimal 170)
   defining Unicode char U+00AE (decimal 174)
   defining Unicode char U+00BA (decimal 186)
   defining Unicode char U+02C6 (decimal 710)
   defining Unicode char U+02DC (decimal 732)
   defining Unicode char U+200C (decimal 8204)
   defining Unicode char U+2026 (decimal 8230)
   defining Unicode char U+2122 (decimal 8482)
   defining Unicode char U+2423 (decimal 9251)
))
(/usr/share/texlive/texmf-dist/tex/latex/vntex/vietnam.sty
Package: vietnam 2009/07/12 v1.3 support for Vietnamese

(/usr/share/texlive/texmf-dist/tex/latex/base/ifthen.sty
Package: ifthen 2001/05/26 v1.1c Standard LaTeX ifthen package (DPC)
)
(/usr/share/texlive/texmf-dist/tex/latex/base/fontenc.sty
Package: fontenc 2005/09/27 v1.99g Standard LaTeX package

(/usr/share/texlive/texmf-dist/tex/latex/vntex/t5enc.def
File: t5enc.def 2006/11/21 v1.4 Vietnamese T5 encoding
Now handling font encoding T5 ...
... processing UTF-8 mapping file for font encoding T5

(/usr/share/texlive/texmf-dist/tex/latex/vntex/t5enc.dfu
File: t5enc.dfu 2006/08/19 v1.1 UTF8 support for Vietnamese
   defining Unicode char U+00AB (decimal 171)
   defining Unicode char U+00BB (decimal 187)
   defining Unicode char U+00C0 (decimal 192)
   defining Unicode char U+00C1 (decimal 193)
   defining Unicode char U+00C2 (decimal 194)
   defining Unicode char U+00C3 (decimal 195)
   defining Unicode char U+00C8 (decimal 200)
   defining Unicode char U+00C9 (decimal 201)
   defining Unicode char U+00CA (decimal 202)
   defining Unicode char U+00CC (decimal 204)
   defining Unicode char U+00CD (decimal 205)
   defining Unicode char U+00D2 (decimal 210)
   defining Unicode char U+00D3 (decimal 211)
   defining Unicode char U+00D4 (decimal 212)
   defining Unicode char U+00D5 (decimal 213)
   defining Unicode char U+00D9 (decimal 217)
   defining Unicode char U+00DA (decimal 218)
   defining Unicode char U+00DD (decimal 221)
   defining Unicode char U+00E0 (decimal 224)
   defining Unicode char U+00E1 (decimal 225)
   defining Unicode char U+00E2 (decimal 226)
   defining Unicode char U+00E3 (decimal 227)
   defining Unicode char U+00E8 (decimal 232)
   defining Unicode char U+00E9 (decimal 233)
   defining Unicode char U+00EA (decimal 234)
   defining Unicode char U+00EC (decimal 236)
   defining Unicode char U+00ED (decimal 237)
   defining Unicode char U+00F2 (decimal 242)
   defining Unicode char U+00F3 (decimal 243)
   defining Unicode char U+00F4 (decimal 244)
   defining Unicode char U+00F5 (decimal 245)
   defining Unicode char U+00F9 (decimal 249)
   defining Unicode char U+00FA (decimal 250)
   defining Unicode char U+00FD (decimal 253)
   defining Unicode char U+0102 (decimal 258)
   defining Unicode char U+0103 (decimal 259)
   defining Unicode char U+0110 (decimal 272)
   defining Unicode char U+0111 (decimal 273)
   defining Unicode char U+0128 (decimal 296)
   defining Unicode char U+0129 (decimal 297)
   defining Unicode char U+0131 (decimal 305)
   defining Unicode char U+0168 (decimal 360)
   defining Unicode char U+0169 (decimal 361)
   defining Unicode char U+01A0 (decimal 416)
   defining Unicode char U+01A1 (decimal 417)
   defining Unicode char U+01AF (decimal 431)
   defining Unicode char U+01B0 (decimal 432)
   defining Unicode char U+1EA0 (decimal 7840)
   defining Unicode char U+1EA1 (decimal 7841)
   defining Unicode char U+1EA2 (decimal 7842)
   defining Unicode char U+1EA3 (decimal 7843)
   defining Unicode char U+1EA4 (decimal 7844)
   defining Unicode char U+1EA5 (decimal 7845)
   defining Unicode char U+1EA6 (decimal 7846)
   defining Unicode char U+1EA7 (decimal 7847)
   defining Unicode char U+1EA8 (decimal 7848)
   defining Unicode char U+1EA9 (decimal 7849)
   defining Unicode char U+1EAA (decimal 7850)
   defining Unicode char U+1EAB (decimal 7851)
   defining Unicode char U+1EAC (decimal 7852)
   defining Unicode char U+1EAD (decimal 7853)
   defining Unicode char U+1EAE (decimal 7854)
   defining Unicode char U+1EAF (decimal 7855)
   defining Unicode char U+1EB0 (decimal 7856)
   defining Unicode char U+1EB1 (decimal 7857)
   defining Unicode char U+1EB2 (decimal 7858)
   defining Unicode char U+1EB3 (decimal 7859)
   defining Unicode char U+1EB4 (decimal 7860)
   defining Unicode char U+1EB5 (decimal 7861)
   defining Unicode char U+1EB6 (decimal 7862)
   defining Unicode char U+1EB7 (decimal 7863)
   defining Unicode char U+1EB8 (decimal 7864)
   defining Unicode char U+1EB9 (decimal 7865)
   defining Unicode char U+1EBA (decimal 7866)
   defining Unicode char U+1EBB (decimal 7867)
   defining Unicode char U+1EBC (decimal 7868)
   defining Unicode char U+1EBD (decimal 7869)
   defining Unicode char U+1EBE (decimal 7870)
   defining Unicode char U+1EBF (decimal 7871)
   defining Unicode char U+1EC0 (decimal 7872)
   defining Unicode char U+1EC1 (decimal 7873)
   defining Unicode char U+1EC2 (decimal 7874)
   defining Unicode char U+1EC3 (decimal 7875)
   defining Unicode char U+1EC4 (decimal 7876)
   defining Unicode char U+1EC5 (decimal 7877)
   defining Unicode char U+1EC6 (decimal 7878)
   defining Unicode char U+1EC7 (decimal 7879)
   defining Unicode char U+1EC8 (decimal 7880)
   defining Unicode char U+1EC9 (decimal 7881)
   defining Unicode char U+1ECA (decimal 7882)
   defining Unicode char U+1ECB (decimal 7883)
   defining Unicode char U+1ECC (decimal 7884)
   defining Unicode char U+1ECD (decimal 7885)
   defining Unicode char U+1ECE (decimal 7886)
   defining Unicode char U+1ECF (decimal 7887)
   defining Unicode char U+1ED0 (decimal 7888)
   defining Unicode char U+1ED1 (decimal 7889)
   defining Unicode char U+1ED2 (decimal 7890)
   defining Unicode char U+1ED3 (decimal 7891)
   defining Unicode char U+1ED4 (decimal 7892)
   defining Unicode char U+1ED5 (decimal 7893)
   defining Unicode char U+1ED6 (decimal 7894)
   defining Unicode char U+1ED7 (decimal 7895)
   defining Unicode char U+1ED8 (decimal 7896)
   defining Unicode char U+1ED9 (decimal 7897)
   defining Unicode char U+1EDA (decimal 7898)
   defining Unicode char U+1EDB (decimal 7899)
   defining Unicode char U+1EDC (decimal 7900)
   defining Unicode char U+1EDD (decimal 7901)
   defining Unicode char U+1EDE (decimal 7902)
   defining Unicode char U+1EDF (decimal 7903)
   defining Unicode char U+1EE0 (decimal 7904)
   defining Unicode char U+1EE1 (decimal 7905)
   defining Unicode char U+1EE2 (decimal 7906)
   defining Unicode char U+1EE3 (decimal 7907)
   defining Unicode char U+1EE4 (decimal 7908)
   defining Unicode char U+1EE5 (decimal 7909)
   defining Unicode char U+1EE6 (decimal 7910)
   defining Unicode char U+1EE7 (decimal 7911)
   defining Unicode char U+1EE8 (decimal 7912)
   defining Unicode char U+1EE9 (decimal 7913)
   defining Unicode char U+1EEA (decimal 7914)
   defining Unicode char U+1EEB (decimal 7915)
   defining Unicode char U+1EEC (decimal 7916)
   defining Unicode char U+1EED (decimal 7917)
   defining Unicode char U+1EEE (decimal 7918)
   defining Unicode char U+1EEF (decimal 7919)
   defining Unicode char U+1EF0 (decimal 7920)
   defining Unicode char U+1EF1 (decimal 7921)
   defining Unicode char U+1EF2 (decimal 7922)
   defining Unicode char U+1EF3 (decimal 7923)
   defining Unicode char U+1EF4 (decimal 7924)
   defining Unicode char U+1EF5 (decimal 7925)
   defining Unicode char U+1EF6 (decimal 7926)
   defining Unicode char U+1EF7 (decimal 7927)
   defining Unicode char U+1EF8 (decimal 7928)
   defining Unicode char U+1EF9 (decimal 7929)
   defining Unicode char U+200C (decimal 8204)
   defining Unicode char U+2013 (decimal 8211)
   defining Unicode char U+2014 (decimal 8212)
   defining Unicode char U+2018 (decimal 8216)
   defining Unicode char U+2019 (decimal 8217)
   defining Unicode char U+201A (decimal 8218)
   defining Unicode char U+201C (decimal 8220)
   defining Unicode char U+201D (decimal 8221)
   defining Unicode char U+201E (decimal 8222)
   defining Unicode char U+2030 (decimal 8240)
   defining Unicode char U+2031 (decimal 8241)
   defining Unicode char U+2039 (decimal 8249)
   defining Unicode char U+203A (decimal 8250)
   defining Unicode char U+2423 (decimal 9251)
))
LaTeX Font Info:    Try loading font information for T5+cmr on input line 100.

(/usr/share/texlive/texmf-dist/tex/latex/vntex/t5cmr.fd
File: t5cmr.fd 1999/05/25 v2.5h Standard LaTeX font definitions
)) (./vncaps.tex
File: vncaps.tex 2006/06/07 v1.1 Captions in Vietnamese
))
(/usr/share/texlive/texmf-dist/tex/latex/amsmath/amsmath.sty
Package: amsmath 2013/01/14 v2.14 AMS math features
\@mathmargin=\skip43

For additional information on amsmath, use the `?' option.
(/usr/share/texlive/texmf-dist/tex/latex/amsmath/amstext.sty
Package: amstext 2000/06/29 v2.01

(/usr/share/texlive/texmf-dist/tex/latex/amsmath/amsgen.sty
File: amsgen.sty 1999/11/30 v2.0
\@emptytoks=\toks16
\ex@=\dimen104
))
(/usr/share/texlive/texmf-dist/tex/latex/amsmath/amsbsy.sty
Package: amsbsy 1999/11/29 v1.2d
\pmbraise@=\dimen105
)
(/usr/share/texlive/texmf-dist/tex/latex/amsmath/amsopn.sty
Package: amsopn 1999/12/14 v2.01 operator names
)
\inf@bad=\count88
LaTeX Info: Redefining \frac on input line 210.
\uproot@=\count89
\leftroot@=\count90
LaTeX Info: Redefining \overline on input line 306.
\classnum@=\count91
\DOTSCASE@=\count92
LaTeX Info: Redefining \ldots on input line 378.
LaTeX Info: Redefining \dots on input line 381.
LaTeX Info: Redefining \cdots on input line 466.
\Mathstrutbox@=\box26
\strutbox@=\box27
\big@size=\dimen106
LaTeX Font Info:    Redeclaring font encoding OML on input line 566.
LaTeX Font Info:    Redeclaring font encoding OMS on input line 567.
\macc@depth=\count93
\c@MaxMatrixCols=\count94
\dotsspace@=\muskip10
\c@parentequation=\count95
\dspbrk@lvl=\count96
\tag@help=\toks17
\row@=\count97
\column@=\count98
\maxfields@=\count99
\andhelp@=\toks18
\eqnshift@=\dimen107
\alignsep@=\dimen108
\tagshift@=\dimen109
\tagwidth@=\dimen110
\totwidth@=\dimen111
\lineht@=\dimen112
\@envbody=\toks19
\multlinegap=\skip44
\multlinetaggap=\skip45
\mathdisplay@stack=\toks20
LaTeX Info: Redefining \[ on input line 2665.
LaTeX Info: Redefining \] on input line 2666.
)
(/usr/share/texlive/texmf-dist/tex/latex/amsfonts/amsfonts.sty
Package: amsfonts 2013/01/14 v3.01 Basic AMSFonts support
\symAMSa=\mathgroup4
\symAMSb=\mathgroup5
LaTeX Font Info:    Overwriting math alphabet `\mathfrak' in version `bold'
(Font)                  U/euf/m/n --> U/euf/b/n on input line 106.
)
(/usr/share/texlive/texmf-dist/tex/latex/amsfonts/amssymb.sty
Package: amssymb 2013/01/14 v3.01 AMS font symbols
)
(/usr/share/texlive/texmf-dist/tex/latex/type1cm/type1cm.sty
Package: type1cm 2002/09/05 v0.04 BlueSky/Y&Y Type1 CM font definitions (DPC, p
atched RF)
)
(/usr/share/texlive/texmf-dist/tex/latex/graphics/graphicx.sty
Package: graphicx 1999/02/16 v1.0f Enhanced LaTeX Graphics (DPC,SPQR)

(/usr/share/texlive/texmf-dist/tex/latex/graphics/keyval.sty
Package: keyval 1999/03/16 v1.13 key=value parser (DPC)
\KV@toks@=\toks21
)
(/usr/share/texlive/texmf-dist/tex/latex/graphics/graphics.sty
Package: graphics 2009/02/05 v1.0o Standard LaTeX Graphics (DPC,SPQR)

(/usr/share/texlive/texmf-dist/tex/latex/graphics/trig.sty
Package: trig 1999/03/16 v1.09 sin cos tan (DPC)
)
(/usr/share/texlive/texmf-dist/tex/latex/latexconfig/graphics.cfg
File: graphics.cfg 2010/04/23 v1.9 graphics configuration of TeX Live
)
Package graphics Info: Driver file: pdftex.def on input line 91.

(/usr/share/texlive/texmf-dist/tex/latex/pdftex-def/pdftex.def
File: pdftex.def 2011/05/27 v0.06d Graphics/color for pdfTeX

(/usr/share/texlive/texmf-dist/tex/generic/oberdiek/infwarerr.sty
Package: infwarerr 2010/04/08 v1.3 Providing info/warning/error messages (HO)
)
(/usr/share/texlive/texmf-dist/tex/generic/oberdiek/ltxcmds.sty
Package: ltxcmds 2011/11/09 v1.22 LaTeX kernel commands for general use (HO)
)
\Gread@gobject=\count100
))
\Gin@req@height=\dimen113
\Gin@req@width=\dimen114
)
(/usr/share/texlive/texmf-dist/tex/latex/subfigure/subfigure.sty
Package: subfigure 2002/03/15 v2.1.5 subfigure package
\subfigtopskip=\skip46
\subfigcapskip=\skip47
\subfigcaptopadj=\dimen115
\subfigbottomskip=\skip48
\subfigcapmargin=\dimen116
\subfiglabelskip=\skip49
\c@subfigure=\count101
\c@lofdepth=\count102
\c@subtable=\count103
\c@lotdepth=\count104

****************************************
* Local config file subfigure.cfg used *
****************************************
(/usr/share/texlive/texmf-dist/tex/latex/subfigure/subfigure.cfg)
\subfig@top=\skip50
\subfig@bottom=\skip51
)
(/usr/share/texlive/texmf-dist/tex/latex/caption/caption.sty
Package: caption 2013/05/02 v3.3-89 Customizing captions (AR)

(/usr/share/texlive/texmf-dist/tex/latex/caption/caption3.sty
Package: caption3 2013/05/02 v1.6-88 caption3 kernel (AR)
Package caption3 Info: TeX engine: e-TeX on input line 57.
\captionmargin=\dimen117
\captionmargin@=\dimen118
\captionwidth=\dimen119
\caption@tempdima=\dimen120
\caption@indent=\dimen121
\caption@parindent=\dimen122
\caption@hangindent=\dimen123
)
\c@ContinuedFloat=\count105
Package caption Info: subfigure package is loaded.
)
(/usr/share/texlive/texmf-dist/tex/latex/tools/longtable.sty
Package: longtable 2004/02/01 v4.11 Multi-page Table package (DPC)
\LTleft=\skip52
\LTright=\skip53
\LTpre=\skip54
\LTpost=\skip55
\LTchunksize=\count106
\LTcapwidth=\dimen124
\LT@head=\box28
\LT@firsthead=\box29
\LT@foot=\box30
\LT@lastfoot=\box31
\LT@cols=\count107
\LT@rows=\count108
\c@LT@tables=\count109
\c@LT@chunks=\count110
\LT@p@ftn=\toks22
)
(/usr/share/texlive/texmf-dist/tex/latex/comment/comment.sty
\CommentStream=\write3

Excluding comment 'comment')
(/usr/share/texlive/texmf-dist/tex/latex/multirow/multirow.sty
\bigstrutjot=\dimen125
)
(/usr/share/texlive/texmf-dist/tex/latex/hyperref/hyperref.sty
Package: hyperref 2012/11/06 v6.83m Hypertext links for LaTeX

(/usr/share/texlive/texmf-dist/tex/generic/oberdiek/hobsub-hyperref.sty
Package: hobsub-hyperref 2012/05/28 v1.13 Bundle oberdiek, subset hyperref (HO)


(/usr/share/texlive/texmf-dist/tex/generic/oberdiek/hobsub-generic.sty
Package: hobsub-generic 2012/05/28 v1.13 Bundle oberdiek, subset generic (HO)
Package: hobsub 2012/05/28 v1.13 Construct package bundles (HO)
Package hobsub Info: Skipping package `infwarerr' (already loaded).
Package hobsub Info: Skipping package `ltxcmds' (already loaded).
Package: ifluatex 2010/03/01 v1.3 Provides the ifluatex switch (HO)
Package ifluatex Info: LuaTeX not detected.
Package: ifvtex 2010/03/01 v1.5 Detect VTeX and its facilities (HO)
Package ifvtex Info: VTeX not detected.
Package: intcalc 2007/09/27 v1.1 Expandable calculations with integers (HO)
Package: ifpdf 2011/01/30 v2.3 Provides the ifpdf switch (HO)
Package ifpdf Info: pdfTeX in PDF mode is detected.
Package: etexcmds 2011/02/16 v1.5 Avoid name clashes with e-TeX commands (HO)
Package etexcmds Info: Could not find \expanded.
(etexcmds)             That can mean that you are not using pdfTeX 1.50 or
(etexcmds)             that some package has redefined \expanded.
(etexcmds)             In the latter case, load this package earlier.
Package: kvsetkeys 2012/04/25 v1.16 Key value parser (HO)
Package: kvdefinekeys 2011/04/07 v1.3 Define keys (HO)
Package: pdftexcmds 2011/11/29 v0.20 Utility functions of pdfTeX for LuaTeX (HO
)
Package pdftexcmds Info: LuaTeX not detected.
Package pdftexcmds Info: \pdf@primitive is available.
Package pdftexcmds Info: \pdf@ifprimitive is available.
Package pdftexcmds Info: \pdfdraftmode found.
Package: pdfescape 2011/11/25 v1.13 Implements pdfTeX's escape features (HO)
Package: bigintcalc 2012/04/08 v1.3 Expandable calculations on big integers (HO
)
Package: bitset 2011/01/30 v1.1 Handle bit-vector datatype (HO)
Package: uniquecounter 2011/01/30 v1.2 Provide unlimited unique counter (HO)
)
Package hobsub Info: Skipping package `hobsub' (already loaded).
Package: letltxmacro 2010/09/02 v1.4 Let assignment for LaTeX macros (HO)
Package: hopatch 2012/05/28 v1.2 Wrapper for package hooks (HO)
Package: xcolor-patch 2011/01/30 xcolor patch
Package: atveryend 2011/06/30 v1.8 Hooks at the very end of document (HO)
Package atveryend Info: \enddocument detected (standard20110627).
Package: atbegshi 2011/10/05 v1.16 At begin shipout hook (HO)
Package: refcount 2011/10/16 v3.4 Data extraction from label references (HO)
Package: hycolor 2011/01/30 v1.7 Color options for hyperref/bookmark (HO)
)
(/usr/share/texlive/texmf-dist/tex/generic/ifxetex/ifxetex.sty
Package: ifxetex 2010/09/12 v0.6 Provides ifxetex conditional
)
(/usr/share/texlive/texmf-dist/tex/latex/oberdiek/auxhook.sty
Package: auxhook 2011/03/04 v1.3 Hooks for auxiliary files (HO)
)
(/usr/share/texlive/texmf-dist/tex/latex/oberdiek/kvoptions.sty
Package: kvoptions 2011/06/30 v3.11 Key value format for package options (HO)
)
\@linkdim=\dimen126
\Hy@linkcounter=\count111
\Hy@pagecounter=\count112

(/usr/share/texlive/texmf-dist/tex/latex/hyperref/pd1enc.def
File: pd1enc.def 2012/11/06 v6.83m Hyperref: PDFDocEncoding definition (HO)
Now handling font encoding PD1 ...
... no UTF-8 mapping file for font encoding PD1
)
\Hy@SavedSpaceFactor=\count113

(/usr/share/texlive/texmf-dist/tex/latex/latexconfig/hyperref.cfg
File: hyperref.cfg 2002/06/06 v1.2 hyperref configuration of TeXLive
)
Package hyperref Info: Option `unicode' set `true' on input line 4319.

(/usr/share/texlive/texmf-dist/tex/latex/hyperref/puenc.def
File: puenc.def 2012/11/06 v6.83m Hyperref: PDF Unicode definition (HO)
Now handling font encoding PU ...
... no UTF-8 mapping file for font encoding PU
)
Package hyperref Info: Hyper figures OFF on input line 4443.
Package hyperref Info: Link nesting OFF on input line 4448.
Package hyperref Info: Hyper index ON on input line 4451.
Package hyperref Info: Plain pages OFF on input line 4458.
Package hyperref Info: Backreferencing OFF on input line 4463.
Package hyperref Info: Implicit mode ON; LaTeX internals redefined.
Package hyperref Info: Bookmarks ON on input line 4688.
\c@Hy@tempcnt=\count114

(/usr/share/texlive/texmf-dist/tex/latex/url/url.sty
\Urlmuskip=\muskip11
Package: url 2013/09/16  ver 3.4  Verb mode for urls, etc.
)
LaTeX Info: Redefining \url on input line 5041.
\XeTeXLinkMargin=\dimen127
\Fld@menulength=\count115
\Field@Width=\dimen128
\Fld@charsize=\dimen129
Package hyperref Info: Hyper figures OFF on input line 6295.
Package hyperref Info: Link nesting OFF on input line 6300.
Package hyperref Info: Hyper index ON on input line 6303.
Package hyperref Info: backreferencing OFF on input line 6310.
Package hyperref Info: Link coloring OFF on input line 6315.
Package hyperref Info: Link coloring with OCG OFF on input line 6320.
Package hyperref Info: PDF/A mode OFF on input line 6325.
LaTeX Info: Redefining \ref on input line 6365.
LaTeX Info: Redefining \pageref on input line 6369.
\Hy@abspage=\count116
\c@Item=\count117
\c@Hfootnote=\count118
)

Package hyperref Message: Driver (autodetected): hpdftex.

(/usr/share/texlive/texmf-dist/tex/latex/hyperref/hpdftex.def
File: hpdftex.def 2012/11/06 v6.83m Hyperref driver for pdfTeX
\Fld@listcount=\count119
\c@bookmark@seq@number=\count120

(/usr/share/texlive/texmf-dist/tex/latex/oberdiek/rerunfilecheck.sty
Package: rerunfilecheck 2011/04/15 v1.7 Rerun checks for auxiliary files (HO)
Package uniquecounter Info: New unique counter `rerunfilecheck' on input line 2
82.
)
\Hy@SectionHShift=\skip56
)
Package hyperref Info: Option `colorlinks' set `false' on input line 14.

(/usr/share/texlive/texmf-dist/tex/latex/tools/indentfirst.sty
Package: indentfirst 1995/11/23 v1.03 Indent first paragraph (DPC)
)
(/usr/share/texlive/texmf-dist/tex/latex/listings/listings.sty
\lst@mode=\count121
\lst@gtempboxa=\box32
\lst@token=\toks23
\lst@length=\count122
\lst@currlwidth=\dimen130
\lst@column=\count123
\lst@pos=\count124
\lst@lostspace=\dimen131
\lst@width=\dimen132
\lst@newlines=\count125
\lst@lineno=\count126
\lst@maxwidth=\dimen133

(/usr/share/texlive/texmf-dist/tex/latex/listings/lstmisc.sty
File: lstmisc.sty 2013/08/26 1.5b (Carsten Heinz)
\c@lstnumber=\count127
\lst@skipnumbers=\count128
\lst@framebox=\box33
)
(/usr/share/texlive/texmf-dist/tex/latex/listings/listings.cfg
File: listings.cfg 2013/08/26 1.5b listings configuration
))
Package: listings 2013/08/26 1.5b (Carsten Heinz)

(/usr/share/texlive/texmf-dist/tex/latex/graphics/color.sty
Package: color 2005/11/14 v1.0j Standard LaTeX Color (DPC)

(/usr/share/texlive/texmf-dist/tex/latex/latexconfig/color.cfg
File: color.cfg 2007/01/18 v1.5 color configuration of teTeX/TeXLive
)
Package color Info: Driver file: pdftex.def on input line 130.
)
(/usr/share/texlive/texmf-dist/tex/latex/geometry/geometry.sty
Package: geometry 2010/09/12 v5.6 Page Geometry
\Gm@cnth=\count129
\Gm@cntv=\count130
\c@Gm@tempcnt=\count131
\Gm@bindingoffset=\dimen134
\Gm@wd@mp=\dimen135
\Gm@odd@mp=\dimen136
\Gm@even@mp=\dimen137
\Gm@layoutwidth=\dimen138
\Gm@layoutheight=\dimen139
\Gm@layouthoffset=\dimen140
\Gm@layoutvoffset=\dimen141
\Gm@dimlist=\toks24
)
(/usr/share/texlive/texmf-dist/tex/latex/listings/lstlang1.sty
File: lstlang1.sty 2013/08/26 1.5b listings language file
)
(/usr/share/texlive/texmf-dist/tex/latex/listings/lstmisc.sty
File: lstmisc.sty 2013/08/26 1.5b (Carsten Heinz)
)
(./Bao-Cao-Vi-Dieu-Khien.aux)
\openout1 = `Bao-Cao-Vi-Dieu-Khien.aux'.

LaTeX Font Info:    Checking defaults for OML/cmm/m/it on input line 48.
LaTeX Font Info:    ... okay on input line 48.
LaTeX Font Info:    Checking defaults for T1/cmr/m/n on input line 48.
LaTeX Font Info:    ... okay on input line 48.
LaTeX Font Info:    Checking defaults for OT1/cmr/m/n on input line 48.
LaTeX Font Info:    ... okay on input line 48.
LaTeX Font Info:    Checking defaults for OMS/cmsy/m/n on input line 48.
LaTeX Font Info:    ... okay on input line 48.
LaTeX Font Info:    Checking defaults for OMX/cmex/m/n on input line 48.
LaTeX Font Info:    ... okay on input line 48.
LaTeX Font Info:    Checking defaults for U/cmr/m/n on input line 48.
LaTeX Font Info:    ... okay on input line 48.
LaTeX Font Info:    Checking defaults for T5/cmr/m/n on input line 48.
LaTeX Font Info:    ... okay on input line 48.
LaTeX Font Info:    Checking defaults for PD1/pdf/m/n on input line 48.
LaTeX Font Info:    ... okay on input line 48.
LaTeX Font Info:    Checking defaults for PU/pdf/m/n on input line 48.
LaTeX Font Info:    ... okay on input line 48.

(/usr/share/texlive/texmf-dist/tex/context/base/supp-pdf.mkii
[Loading MPS to PDF converter (version 2006.09.02).]
\scratchcounter=\count132
\scratchdimen=\dimen142
\scratchbox=\box34
\nofMPsegments=\count133
\nofMParguments=\count134
\everyMPshowfont=\toks25
\MPscratchCnt=\count135
\MPscratchDim=\dimen143
\MPnumerator=\count136
\makeMPintoPDFobject=\count137
\everyMPtoPDFconversion=\toks26
) (/usr/share/texlive/texmf-dist/tex/latex/oberdiek/epstopdf-base.sty
Package: epstopdf-base 2010/02/09 v2.5 Base part for package epstopdf

(/usr/share/texlive/texmf-dist/tex/latex/oberdiek/grfext.sty
Package: grfext 2010/08/19 v1.1 Manage graphics extensions (HO)
)
Package grfext Info: Graphics extension search list:
(grfext)             [.png,.pdf,.jpg,.mps,.jpeg,.jbig2,.jb2,.PNG,.PDF,.JPG,.JPE
G,.JBIG2,.JB2,.eps]
(grfext)             \AppendGraphicsExtensions on input line 452.

(/usr/share/texlive/texmf-dist/tex/latex/latexconfig/epstopdf-sys.cfg
File: epstopdf-sys.cfg 2010/07/13 v1.3 Configuration of (r)epstopdf for TeX Liv
e
))
Package caption Info: Begin \AtBeginDocument code.
Package caption Info: hyperref package is loaded.
Package caption Info: listings package is loaded.
Package caption Info: longtable package is loaded.

(/usr/share/texlive/texmf-dist/tex/latex/caption/ltcaption.sty
Package: ltcaption 2013/02/03 v1.3-62 longtable captions (AR)
)
Package caption Info: End \AtBeginDocument code.
\AtBeginShipoutBox=\box35
Package hyperref Info: Link coloring OFF on input line 48.

(/usr/share/texlive/texmf-dist/tex/latex/hyperref/nameref.sty
Package: nameref 2012/10/27 v2.43 Cross-referencing by name of section

(/usr/share/texlive/texmf-dist/tex/generic/oberdiek/gettitlestring.sty
Package: gettitlestring 2010/12/03 v1.4 Cleanup title references (HO)
)
\c@section@level=\count138
)
LaTeX Info: Redefining \ref on input line 48.
LaTeX Info: Redefining \pageref on input line 48.
LaTeX Info: Redefining \nameref on input line 48.

(./Bao-Cao-Vi-Dieu-Khien.out) (./Bao-Cao-Vi-Dieu-Khien.out)
\@outlinefile=\write4
\openout4 = `Bao-Cao-Vi-Dieu-Khien.out'.

\c@lstlisting=\count139

*geometry* driver: auto-detecting
*geometry* detected driver: pdftex
*geometry* verbose mode - [ preamble ] result:
* driver: pdftex
* paper: a4paper
* layout: <same size as paper>
* layoutoffset:(h,v)=(0.0pt,0.0pt)
* modes: 
* h-part:(L,W,R)=(85.35826pt, 455.24411pt, 56.9055pt)
* v-part:(T,H,B)=(85.35826pt, 674.33032pt, 85.35826pt)
* \paperwidth=597.50787pt
* \paperheight=845.04684pt
* \textwidth=455.24411pt
* \textheight=674.33032pt
* \oddsidemargin=13.08827pt
* \evensidemargin=13.08827pt
* \topmargin=-24.91173pt
* \headheight=13.0pt
* \headsep=25.0pt
* \topskip=13.0pt
* \footskip=30.0pt
* \marginparwidth=25.0pt
* \marginparsep=10.0pt
* \columnsep=10.0pt
* \skip\footins=11.4pt plus 4.0pt minus 2.0pt
* \hoffset=0.0pt
* \voffset=0.0pt
* \mag=1000
* \@twocolumnfalse
* \@twosidefalse
* \@mparswitchfalse
* \@reversemarginfalse
* (1in=72.27pt=25.4mm, 1cm=28.453pt)

(./trang-bia/title-page.tex <CTUT_logo.jpg, id=393, 72.27pt x 72.27pt>
File: CTUT_logo.jpg Graphic file (type jpg)

<use CTUT_logo.jpg>
Package pdftex.def Info: CTUT_logo.jpg used on input line 7.
(pdftex.def)             Requested size: 136.57462pt x 136.58217pt.
 Excluding 'comment' comment.
LaTeX Font Info:    Calculating math sizes for size <13> on input line 23.
 [1

{/var/lib/texmf/fonts/map/pdftex/updmap/pdftex.map} <./CTUT_logo.jpg>]) (./Bao-
Cao-Vi-Dieu-Khien.toc
[1

] [2])
\tf@toc=\write5
\openout5 = `Bao-Cao-Vi-Dieu-Khien.toc'.

 [3] (./Bao-Cao-Vi-Dieu-Khien.lof [4

])
\tf@lof=\write6
\openout6 = `Bao-Cao-Vi-Dieu-Khien.lof'.

 [5] (./Bao-Cao-Vi-Dieu-Khien.lot)
\tf@lot=\write7
\openout7 = `Bao-Cao-Vi-Dieu-Khien.lot'.

 [6

] (./gioi-thieu/gioi-thieu.tex
Underfull \hbox (badness 10000) in paragraph at lines 3--4

 []


Underfull \hbox (badness 10000) in paragraph at lines 5--6

 []


Underfull \hbox (badness 10000) in paragraph at lines 7--8

 []

LaTeX Font Info:    Font shape `OMS/cmr/m/n' in size <13> not available
(Font)              Font shape `OMS/cmsy/m/n' tried instead on input line 11.
LaTeX Font Info:    Try loading font information for T5+cmtt on input line 11.
(/usr/share/texlive/texmf-dist/tex/latex/vntex/t5cmtt.fd
File: t5cmtt.fd 1999/05/25 v2.5h Standard LaTeX font definitions
)
Overfull \hbox (2.86626pt too wide) in paragraph at lines 16--16
[][][]\T5/cmr/m/n/10 https://www.youtube.com/watch?v=NcjcOiDxC5I&list=PLhFjtzzU
ovr_22rUHg566bYU5s8LDKk7f| 
 []


Underfull \hbox (badness 10000) in paragraph at lines 20--21

 []


Underfull \hbox (badness 10000) in paragraph at lines 22--23

 []

pdfTeX warning (ext4): destination with the same identifier (name{page.1}) has 
been already used, duplicate ignored
<to be read again> 
                   \relax 
l.23 
      [1

]
Underfull \hbox (badness 10000) in paragraph at lines 24--25

 []

) [2] [3

] (./phu-luc/so-do-chan.tex
<image/PIC16F887.png, id=636, 498.06075pt x 326.4195pt>
File: image/PIC16F887.png Graphic file (type png)

<use image/PIC16F887.png>
Package pdftex.def Info: image/PIC16F887.png used on input line 4.
(pdftex.def)             Requested size: 498.05952pt x 326.41869pt.

Overfull \hbox (42.81541pt too wide) in paragraph at lines 4--5
 [] 
 []

) (./bai-1/bai-1.tex [4 <./image/PIC16F887.png>]
B\`AI 1.

Underfull \hbox (badness 10000) in paragraph at lines 22--23

 []

[5

] <bai-1/image/BAI-1.png, id=650, 526.96875pt x 381.67593pt>
File: bai-1/image/BAI-1.png Graphic file (type png)

<use bai-1/image/BAI-1.png>
Package pdftex.def Info: bai-1/image/BAI-1.png used on input line 39.
(pdftex.def)             Requested size: 368.8756pt x 267.17133pt.

Overfull \hbox (1.15517pt too wide) in paragraph at lines 50--51
[]\T5/cmr/m/n/13 C£ ba ch¥n []\T5/cmtt/m/n/13 RE2, RE1, RE0 \T5/cmr/m/n/13 l  c
h¥n []\T5/cmtt/m/n/13 OUTPUT \T5/cmr/m/n/13 th¼: []\T5/cmtt/m/n/13 TRISE = 0b00
0 = 0x00\T5/cmr/m/n/13 ,
 []

[6 <./bai-1/image/BAI-1.png>]
Overfull \hbox (17.94212pt too wide) in paragraph at lines 59--60
[]\T5/cmr/m/n/13 Mët sè h m hê trñ: []\T5/cmtt/m/n/13 delay_ms(sè mili gi¥y) \T
5/cmr/m/n/13 ho°c []\T5/cmtt/m/n/13 delay_us(sè micro gi¥y)\T5/cmr/m/n/13 ,
 []


Overfull \hbox (33.10718pt too wide) in paragraph at lines 69--70
\T5/cmr/m/n/13 tr¤ng th¡i cõa LED ([]\T5/cmtt/m/n/13 PORTE =  $\OMS/cmsy/m/n/13
 ^^X$[]\T5/cmtt/m/n/13 PORTE\T5/cmr/m/n/13 ); giú tr¤ng th¡i cô $\OT1/cmr/m/n/1
3 250\OML/cmm/m/it/13 ms$ \T5/cmr/m/n/13 ([]\T5/cmtt/m/n/13 delay_ms(250)\T5/cm
r/m/n/13 ).
 []

[7]
Package hyperref Info: bookmark level for unknown lstlisting defaults to 0 on i
nput line 73.
 (./BAI-1-1.C) (./BAI-1-1v2.C) [8] [9] (./BAI-1-3.C)) (./bai-2/bai-2.tex
[10]
B\`AI 2.

Overfull \hbox (6.0413pt too wide) in paragraph at lines 16--16
[]|\T5/cmr/m/n/13 R/W|  
 []


Overfull \hbox (14.22638pt too wide) in paragraph at lines 19--19
[]|[]| 
 []

[11

] <bai-2/image/BAI-2.png, id=760, 869.49844pt x 467.49657pt>
File: bai-2/image/BAI-2.png Graphic file (type png)

<use bai-2/image/BAI-2.png>
Package pdftex.def Info: bai-2/image/BAI-2.png used on input line 41.
(pdftex.def)             Requested size: 434.74815pt x 233.74771pt.
 [12 <./bai-2/image/BAI-2.png>]
Overfull \hbox (9.559pt too wide) in paragraph at lines 76--77
 []\T5/cmr/bx/n/13 Y¶u c¦u[] \T5/cmr/m/n/13 Vi¸t ch÷ìng tr¼nh hiºn thà c¡c kþ t
ü sau l¶n LCD: []\T5/cmtt/m/n/13 DAI HOC KTCN CAN THO 
 []


Overfull \hbox (17.50623pt too wide) in paragraph at lines 86--87
[]\T5/cmr/m/n/13 Chån và tr½ thù 3 -- []\T5/cmtt/m/n/13 LCD_SetPosition(0x42); 
\T5/cmr/m/n/13 ^^_º ghi chuéi []\T5/cmtt/m/n/13 "KTCN CAN THO"
 []


Overfull \hbox (22.46721pt too wide) in paragraph at lines 87--88
[]\T5/cmr/m/n/13 Ghi chuéi: []\T5/cmtt/m/n/13 LCD_PutChar("DAI HOC"); \T5/cmr/m
/n/13 v  []\T5/cmtt/m/n/13 LCD_PutChar("KTCN CAN THO"); 
 []

[13] <bai-2/image/2-1.jpg, id=776, 1606.0pt x 1204.5pt>
File: bai-2/image/2-1.jpg Graphic file (type jpg)

<use bai-2/image/2-1.jpg>
Package pdftex.def Info: bai-2/image/2-1.jpg used on input line 95.
(pdftex.def)             Requested size: 227.62206pt x 170.70569pt.
 (./BAI-2-1.C) [14 <./bai-2/image/2-1.jpg>]
<bai-2/image/2-2.jpg, id=805, 1606.0pt x 1204.5pt>
File: bai-2/image/2-2.jpg Graphic file (type jpg)
 <use bai-2/image/2-2.jpg>
Package pdftex.def Info: bai-2/image/2-2.jpg used on input line 107.
(pdftex.def)             Requested size: 227.62206pt x 170.70569pt.

(./BAI-2-2.C [15 <./bai-2/image/2-2.jpg>])
<bai-2/image/2-3.jpg, id=832, 1606.0pt x 1204.5pt>
File: bai-2/image/2-3.jpg Graphic file (type jpg)
 <use bai-2/image/2-3.jpg>
Package pdftex.def Info: bai-2/image/2-3.jpg used on input line 137.
(pdftex.def)             Requested size: 136.57462pt x 102.4271pt.

[16 <./bai-2/image/2-3.jpg>] (./BAI-2-3.C)) (./bai-3/bai-3.tex [17]
B\`AI 3.

Underfull \hbox (badness 10000) in paragraph at lines 8--9

 []

[18

]
Overfull \hbox (25.27841pt too wide) in paragraph at lines 36--37
[]\T5/cmr/m/n/13 Ch÷ìng tr¼nh xû lþ ng­t (^^_°t tr÷îc h m []\T5/cmtt/m/n/13 mai
n()\T5/cmr/m/n/13 ): xâa cí ng­t ([]\T5/cmtt/m/n/13 CLEAR_INTERRUPT\T5/cmr/m/n/
13 ),
 []

<bai-3/image/BAI-3-1.png, id=905, 643.6547pt x 449.42906pt>
File: bai-3/image/BAI-3-1.png Graphic file (type png)

<use bai-3/image/BAI-3-1.png>
Package pdftex.def Info: bai-3/image/BAI-3-1.png used on input line 58.
(pdftex.def)             Requested size: 386.1958pt x 269.6595pt.


LaTeX Warning: `!h' float specifier changed to `!ht'.

[19] (./BAI-3-1.C [20 <./bai-3/image/BAI-3-1.png>]) [21]
<bai-3/image/BAI-3-2.png, id=968, 878.53218pt x 470.50781pt>
File: bai-3/image/BAI-3-2.png Graphic file (type png)

<use bai-3/image/BAI-3-2.png>
Package pdftex.def Info: bai-3/image/BAI-3-2.png used on input line 87.
(pdftex.def)             Requested size: 439.26501pt x 235.25333pt.
 [22 <./bai-3/image/BAI-3-2.png>] (./BAI-3-2.C)
[23] <bai-3/image/BAI-3-3.png, id=1025, 866.48718pt x 476.53032pt>
File: bai-3/image/BAI-3-3.png Graphic file (type png)

<use bai-3/image/BAI-3-3.png>
Package pdftex.def Info: bai-3/image/BAI-3-3.png used on input line 111.
(pdftex.def)             Requested size: 346.58873pt x 190.60875pt.
 [24 <./bai-3/image/BAI-3-3.png>] (./BAI-3-4.C
[25]) (./INPUT_BUTTON.C [26])) (./bai-4/bai-4.tex [27]
B\`AI 4.
<bai-4/image/BAI-4-1.png, id=1130, 776.14969pt x 456.95718pt>
File: bai-4/image/BAI-4-1.png Graphic file (type png)

<use bai-4/image/BAI-4-1.png>
Package pdftex.def Info: bai-4/image/BAI-4-1.png used on input line 10.
(pdftex.def)             Requested size: 388.0739pt x 228.47803pt.
 [28

 <./bai-4/image/BAI-4-1.png>]
Overfull \hbox (16.6185pt too wide) in paragraph at lines 20--22
[]\T5/cmr/m/n/13 X¡c ^^_ành ch¥n l§y t½n hi»u ADC v  ^^_i»n th¸ sû döng: []\T5/
cmtt/m/n/13 SETUP_ADC_PORTS(value); 
 []

[29] <bai-4/image/4-1.jpg, id=1142, 1606.0pt x 1204.5pt>
File: bai-4/image/4-1.jpg Graphic file (type jpg)

<use bai-4/image/4-1.jpg>
Package pdftex.def Info: bai-4/image/4-1.jpg used on input line 47.
(pdftex.def)             Requested size: 227.62206pt x 170.70569pt.
 (./BAI-4-1.C [30 <./bai-4/image/4-1.jpg>]) [31]
<bai-4/image/4-2.jpg, id=1192, 1606.0pt x 1204.5pt>
File: bai-4/image/4-2.jpg Graphic file (type jpg)
 <use bai-4/image/4-2.jpg>
Package pdftex.def Info: bai-4/image/4-2.jpg used on input line 71.
(pdftex.def)             Requested size: 227.62206pt x 170.70569pt.

<bai-4/image/BAI-4-2.png, id=1193, 588.69937pt x 362.85562pt>
File: bai-4/image/BAI-4-2.png Graphic file (type png)

<use bai-4/image/BAI-4-2.png>
Package pdftex.def Info: bai-4/image/BAI-4-2.png used on input line 78.
(pdftex.def)             Requested size: 412.08675pt x 253.99721pt.
 [32 <./bai-4/image/4-2.jpg> <./bai-4/image/BAI-4-2.png>] (./BAI-4-2.C [33])
Overfull \hbox (17.79227pt too wide) in paragraph at lines 103--104
[]\T5/cmr/m/n/13 Do ^^_â c¦n vi¸t h m (h m []\T5/cmtt/m/n/13 Serial_Callback \T
5/cmr/m/n/13 trong file []\T5/cmtt/m/n/13 Serial_Callback.m\T5/cmr/m/n/13 )
 []

[34] <bai-4/image/BAI-4-3.png, id=1281, 631.60968pt x 361.35pt>
File: bai-4/image/BAI-4-3.png Graphic file (type png)

<use bai-4/image/BAI-4-3.png>
Package pdftex.def Info: bai-4/image/BAI-4-3.png used on input line 109.
(pdftex.def)             Requested size: 442.12376pt x 252.94327pt.
 (./BAI-4-3.C [35 <./bai-4/image/BAI-4-3.png>])
(/usr/share/texlive/texmf-dist/tex/latex/listings/lstlang1.sty
File: lstlang1.sty 2013/08/26 1.5b listings language file
)
(./Serial_Callback.m) (./BAI-4-3.m)) (./bai-5/bai-5.tex [36]
B\`AI 5.

Underfull \hbox (badness 10000) in paragraph at lines 6--7

 []


Overfull \hbox (14.19028pt too wide) in paragraph at lines 17--18
[][]\T5/cmtt/m/n/13 SETUP_TIMER_X(mode); \T5/cmr/m/n/13 vîi []\T5/cmtt/m/n/13 X
 = 1 \T5/cmr/m/n/13 ho°c []\T5/cmtt/m/n/13 X = 2 \T5/cmr/m/n/13 (^^_÷ñc ^^_ành 
ngh¾a trong []\T5/cmtt/m/n/13 device.h
 []


Overfull \hbox (24.35608pt too wide) in paragraph at lines 19--20
[][]\T5/cmtt/m/n/13 GET_TIMERx(); \T5/cmr/m/n/13 vîi []\T5/cmtt/m/n/13 x = 0 \T
5/cmr/m/n/13 ho°c []\T5/cmtt/m/n/13 x = 1 \T5/cmr/m/n/13 ho°c []\T5/cmtt/m/n/13
 x = 2\T5/cmr/m/n/13 : ^^_åc gi¡ trà cõa []\T5/cmtt/m/n/13 TIMER/COUNTER\T5/cmr
/m/n/13 . 
 []

[37

] [38] (./BAI-5-1.C [39]) [40] (./BAI-5-2.C [41])
Overfull \hbox (34.10092pt too wide) in paragraph at lines 99--100
\T5/cmr/m/n/13 ta ^^_¸m sai, thüc hi»n kÿ thuªt cëng dçn v o bi¸n ^^_¸m: []\T5/
cmtt/m/n/13 count = value + over*255\T5/cmr/m/n/13 ,
 []

<bai-5/image/BAI-5-3.png, id=1464, 789.70032pt x 453.94594pt>
File: bai-5/image/BAI-5-3.png Graphic file (type png)

<use bai-5/image/BAI-5-3.png>
Package pdftex.def Info: bai-5/image/BAI-5-3.png used on input line 109.
(pdftex.def)             Requested size: 473.82385pt x 272.36966pt.

Overfull \hbox (18.57974pt too wide) in paragraph at lines 109--110
 [] 
 []

[42] [43 <./bai-5/image/BAI-5-3.png>] (./BAI-5-3.C)) (./bai-6/bai-6.tex
[44]
B\`AI 6.

Underfull \hbox (badness 10000) in paragraph at lines 5--6

 []

[45

] [46] <bai-6/image/BAI-6-1.png, id=1557, 886.06032pt x 476.53032pt>
File: bai-6/image/BAI-6-1.png Graphic file (type png)

<use bai-6/image/BAI-6-1.png>
Package pdftex.def Info: bai-6/image/BAI-6-1.png used on input line 54.
(pdftex.def)             Requested size: 398.72346pt x 214.43666pt.
 [47 <./bai-6/image/BAI-6-1.png>] (./BAI-6-1.C)
[48] [49] [50] <bai-6/image/BAI-6-2.png, id=1625, 871.00406pt x 467.49657pt>
File: bai-6/image/BAI-6-2.png Graphic file (type png)

<use bai-6/image/BAI-6-2.png>
Package pdftex.def Info: bai-6/image/BAI-6-2.png used on input line 149.
(pdftex.def)             Requested size: 435.50096pt x 233.74771pt.

<bai-6/image/6-2-1.jpg, id=1626, 1606.0pt x 1204.5pt>
File: bai-6/image/6-2-1.jpg Graphic file (type jpg)

<use bai-6/image/6-2-1.jpg>
Package pdftex.def Info: bai-6/image/6-2-1.jpg used on input line 157.
(pdftex.def)             Requested size: 136.57462pt x 102.4271pt.

<bai-6/image/6-2-2.jpg, id=1627, 1606.0pt x 1204.5pt>
File: bai-6/image/6-2-2.jpg Graphic file (type jpg)

<use bai-6/image/6-2-2.jpg>
Package pdftex.def Info: bai-6/image/6-2-2.jpg used on input line 159.
(pdftex.def)             Requested size: 136.57462pt x 102.4271pt.

<bai-6/image/6-2-3.jpg, id=1628, 1606.0pt x 1204.5pt>
File: bai-6/image/6-2-3.jpg Graphic file (type jpg)

<use bai-6/image/6-2-3.jpg>
Package pdftex.def Info: bai-6/image/6-2-3.jpg used on input line 160.
(pdftex.def)             Requested size: 136.57462pt x 102.4271pt.
 [51 <./bai-6/image/BAI-6-2.png>] (./BAI-6-2-1.C
[52 <./bai-6/image/6-2-1.jpg> <./bai-6/image/6-2-2.jpg> <./bai-6/image/6-2-3.jp
g>]
Overfull \hbox (26.33914pt too wide) in paragraph at lines 75--76
[][][][][][][][][][][][][][][][][][][][][][][][][][][][][][][][][][][][][][][][
][][][][][][][][][][][][][][][][][][][][][][][][][][]  
 []

) [53] (./BAI-6-2-2.C [54]
Overfull \hbox (15.68997pt too wide) in paragraph at lines 79--80
[][][][][][][][][][][][][][][][][][][][][][][][][][][][][][][][][][][][][][][][
][][][][][][][][][][][][][][][][][][][][][][][][][][]  
 []

) [55] <bai-6/image/6-3-1.jpg, id=1818, 1606.0pt x 1204.5pt>
File: bai-6/image/6-3-1.jpg Graphic file (type jpg)

<use bai-6/image/6-3-1.jpg>
Package pdftex.def Info: bai-6/image/6-3-1.jpg used on input line 193.
(pdftex.def)             Requested size: 136.57462pt x 102.4271pt.

<bai-6/image/6-3-2.jpg, id=1819, 1606.0pt x 1204.5pt>
File: bai-6/image/6-3-2.jpg Graphic file (type jpg)

<use bai-6/image/6-3-2.jpg>
Package pdftex.def Info: bai-6/image/6-3-2.jpg used on input line 195.
(pdftex.def)             Requested size: 136.57462pt x 102.4271pt.

<bai-6/image/6-3-3.jpg, id=1820, 1606.0pt x 1204.5pt>
File: bai-6/image/6-3-3.jpg Graphic file (type jpg)

<use bai-6/image/6-3-3.jpg>
Package pdftex.def Info: bai-6/image/6-3-3.jpg used on input line 196.
(pdftex.def)             Requested size: 136.57462pt x 102.4271pt.
 (./BAI-6-3.C [56 <./bai-6/image/6-3-1.jpg> <./bai-6/image/6-3-2.jpg> <./bai-6/
image/6-3-3.jpg>] [57]
Overfull \hbox (15.68997pt too wide) in paragraph at lines 71--72
[][][][][][][][][][][][][][][][][][][][][][][][][][][][][][][][][][][][][][][][
][][][][][][][][][][][][][][][][][][][][][][][][][][]  
 []

) [58]
Underfull \hbox (badness 10000) in paragraph at lines 208--209

 []

(./BAI-6-1V2.C)) (./bai-7/bai-7.tex [59]
B\`AI 7.

Overfull \hbox (32.61063pt too wide) in paragraph at lines 20--21
[][]\T5/cmtt/m/n/13 #use RS232(BAUD = 9600, PARITY = N, XMIT = PIN_C6, RCV = PI
N_C7) 
 []

[60

]
Overfull \hbox (4.6068pt too wide) in paragraph at lines 35--36
[][]\T5/cmtt/m/n/13 #use RS232(BAUD = 9600, PARITY = N, XMIT = PIN_C6, RCV = PI
N_C7) 
 []


Overfull \hbox (0.52837pt too wide) in paragraph at lines 46--47
[]\T5/cmr/m/n/13 N¸u []\T5/cmtt/m/n/13 value = 'b' \T5/cmr/m/n/13 th¼ ^^_÷a POR
T E l¶n mùc cao: []\T5/cmtt/m/n/13 PORTE = 0xFF; 
 []


Overfull \hbox (0.91045pt too wide) in paragraph at lines 47--48
[]\T5/cmr/m/n/13 N¸u []\T5/cmtt/m/n/13 value = 't' \T5/cmr/m/n/13 th¼ ^^_÷a POR
T E l¶n mùc th§p: []\T5/cmtt/m/n/13 PORTE  0x00; 
 []


Overfull \hbox (27.45409pt too wide) in paragraph at lines 54--55
[]\T5/cmr/m/n/13 X¡c ^^_ành t¶n cêng nèi ti¸p , ta dòng []\T5/cmtt/m/n/13 s = s
erial(t¶n_port,tèc_^^_ë_truy·n)
 []

[61] <bai-7/image/BAI-7-1.png, id=1963, 526.21594pt x 370.38374pt>
File: bai-7/image/BAI-7-1.png Graphic file (type png)

<use bai-7/image/BAI-7-1.png>
Package pdftex.def Info: bai-7/image/BAI-7-1.png used on input line 66.
(pdftex.def)             Requested size: 315.732pt x 222.23195pt.
 (./BAI-7-1.C [62 <./bai-7/image/BAI-7-1.png>])
(./BAI-7-1.m) [63]
<bai-7/image/BAI-7-2.png, id=2018, 642.14906pt x 375.65344pt>
File: bai-7/image/BAI-7-2.png Graphic file (type png)

<use bai-7/image/BAI-7-2.png>
Package pdftex.def Info: bai-7/image/BAI-7-2.png used on input line 88.
(pdftex.def)             Requested size: 385.2924pt x 225.3938pt.
 (./BAI-7-2.C [64 <./bai-7/image/BAI-7-2.png>])
(./BAI-7-2.m) [65]
<bai-7/image/BAI-7-3.png, id=2076, 878.53218pt x 464.4853pt>
File: bai-7/image/BAI-7-3.png Graphic file (type png)

<use bai-7/image/BAI-7-3.png>
Package pdftex.def Info: bai-7/image/BAI-7-3.png used on input line 111.
(pdftex.def)             Requested size: 439.26501pt x 232.24208pt.
 (./BAI-7-3.C [66 <./bai-7/image/BAI-7-3.png>])
(./Serial_Callback.m) (./BAI-7-3.m)) (./bai-8/bai-8.tex [67]
B\`AI 8.
<bai-8/image/mach-cau-H.png, id=2133, 786.94pt x 470.75874pt>
File: bai-8/image/mach-cau-H.png Graphic file (type png)

<use bai-8/image/mach-cau-H.png>
Package pdftex.def Info: bai-8/image/mach-cau-H.png used on input line 12.
(pdftex.def)             Requested size: 236.08382pt x 141.22871pt.


LaTeX Warning: `!h' float specifier changed to `!ht'.

[68

] <bai-8/image/L293D.jpg, id=2139, 355.3275pt x 362.35374pt>
File: bai-8/image/L293D.jpg Graphic file (type jpg)

<use bai-8/image/L293D.jpg>
Package pdftex.def Info: bai-8/image/L293D.jpg used on input line 20.
(pdftex.def)             Requested size: 124.36647pt x 126.8257pt.

Overfull \hbox (3.85971pt too wide) in paragraph at lines 29--30
[]\T5/cmr/m/n/13 Chi·u ng÷ñc chi·u kim ^^_çng hç: []\T5/cmtt/m/n/13 ENABLE1 = 1
\T5/cmr/m/n/13 , []\T5/cmtt/m/n/13 INPUT1 = 1\T5/cmr/m/n/13 , []\T5/cmtt/m/n/13
 INPUT2 = 0\T5/cmr/m/n/13 . 
 []

[69 <./bai-8/image/mach-cau-H.png> <./bai-8/image/L293D.jpg>]
<bai-8/image/pwm-1.jpg, id=2146, 96.36pt x 81.78555pt>
File: bai-8/image/pwm-1.jpg Graphic file (type jpg)

<use bai-8/image/pwm-1.jpg>
Package pdftex.def Info: bai-8/image/pwm-1.jpg used on input line 41.
(pdftex.def)             Requested size: 136.57462pt x 115.91788pt.

Underfull \hbox (badness 10000) in paragraph at lines 46--47

 []

[70 <./bai-8/image/pwm-1.jpg>] [71]
<bai-8/image/BAI-8-1.png, id=2157, 821.31844pt x 465.99094pt>
File: bai-8/image/BAI-8-1.png Graphic file (type png)

<use bai-8/image/BAI-8-1.png>
Package pdftex.def Info: bai-8/image/BAI-8-1.png used on input line 87.
(pdftex.def)             Requested size: 410.6582pt x 232.99489pt.
 (./BAI-8-1.C [72 <./bai-8/image/BAI-8-1.png>])
[73] Excluding 'comment' comment. (./BAI-8-2.C [74] [75])
<bai-8/image/BAI-8-2-2.png, id=2285, 818.30719pt x 499.11469pt>
File: bai-8/image/BAI-8-2-2.png Graphic file (type png)

<use bai-8/image/BAI-8-2-2.png>
Package pdftex.def Info: bai-8/image/BAI-8-2-2.png used on input line 152.
(pdftex.def)             Requested size: 409.15259pt x 249.55672pt.

Underfull \hbox (badness 10000) in paragraph at lines 149--156

 []

[76] (./BAI-8-2-1.C [77 <./bai-8/image/BAI-8-2-2.png>])) (./bai-9/bai-9.tex
[78]
B\`AI 9.
[79

] Excluding 'comment' comment. (./BAI-9-1.C [80] [81]) (./BAI-9-2.C [82])
(./Serial_Callback.m) (./BAI-9-2.m)) (./phu-luc/phu-luc.tex [83] [84

]
(./phu-luc/pickit-2.tex
Ph\d {u} l\d {u}c A.
<phu-luc/image/pickit-21.png, id=2576, 417.81094pt x 511.15968pt>
File: phu-luc/image/pickit-21.png Graphic file (type png)

<use phu-luc/image/pickit-21.png>
Package pdftex.def Info: phu-luc/image/pickit-21.png used on input line 11.
(pdftex.def)             Requested size: 208.90495pt x 255.57921pt.


LaTeX Warning: `!h' float specifier changed to `!ht'.

[85

] <phu-luc/image/pickit-22.png, id=2586, 417.81094pt x 509.65407pt>
File: phu-luc/image/pickit-22.png Graphic file (type png)

<use phu-luc/image/pickit-22.png>
Package pdftex.def Info: phu-luc/image/pickit-22.png used on input line 51.
(pdftex.def)             Requested size: 208.90495pt x 254.8264pt.
 [86 <./phu-luc/image/pickit-21.png>])
[87 <./phu-luc/image/pickit-22.png>]
Ph\d {u} l\d {u}c B.
(./DEF_887.H [88

] [89] [90]) [91]
Ph\d {u} l\d {u}c C.
(./LCD_LIB_4BIT.C [92

]) [93]
Ph\d {u} l\d {u}c D.
(./phu-luc/led7seg.tex
<phu-luc/image/led-7-seg.png, id=2874, 445.665pt x 159.59625pt>
File: phu-luc/image/led-7-seg.png Graphic file (type png)

<use phu-luc/image/led-7-seg.png>
Package pdftex.def Info: phu-luc/image/led-7-seg.png used on input line 7.
(pdftex.def)             Requested size: 267.40106pt x 95.75847pt.

<phu-luc/image/led-7-seg-anode-kathode.png, id=2875, 386.44376pt x 274.02374pt>
File: phu-luc/image/led-7-seg-anode-kathode.png Graphic file (type png)
<use phu-luc/image/led-7-seg-anode-kathode.png>
Package pdftex.def Info: phu-luc/image/led-7-seg-anode-kathode.png used on inpu
t line 13.
(pdftex.def)             Requested size: 154.57475pt x 109.60754pt.
 [94

 <./phu-luc/image/led-7-seg.png> <./phu-luc/image/led-7-seg-anode-kathode.png>]

Underfull \vbox (badness 10000) detected at line 76
 []


LaTeX Warning: `!h' float specifier changed to `!ht'.

<phu-luc/image/74HC595.jpg, id=2883, 61.6704pt x 81.60487pt>
File: phu-luc/image/74HC595.jpg Graphic file (type jpg)

<use phu-luc/image/74HC595.jpg>
Package pdftex.def Info: phu-luc/image/74HC595.jpg used on input line 84.
(pdftex.def)             Requested size: 92.50534pt x 122.40698pt.


LaTeX Warning: `!h' float specifier changed to `!ht'.

[95] [96 <./phu-luc/image/74HC595.jpg>] [97]
<phu-luc/image/bai-2-phu-luc-led-7-seg.png, id=2904, 872.50969pt x 469.755pt>
File: phu-luc/image/bai-2-phu-luc-led-7-seg.png Graphic file (type png)

<use phu-luc/image/bai-2-phu-luc-led-7-seg.png>
Package pdftex.def Info: phu-luc/image/bai-2-phu-luc-led-7-seg.png used on inpu
t line 130.
(pdftex.def)             Requested size: 436.25378pt x 234.87692pt.

Underfull \hbox (badness 10000) in paragraph at lines 134--135

 []

(./BAI-2-PHU-LUC-LED-7-SEG-V1.C [98 <./phu-luc/image/bai-2-phu-luc-led-7-seg.pn
g>]) [99]
<phu-luc/image/bai-2-phu-luc-led-7-seg-74hc595.png, id=2946, 847.66687pt x 469.
755pt>
File: phu-luc/image/bai-2-phu-luc-led-7-seg-74hc595.png Graphic file (type png)

 <use phu-luc/image/bai-2-phu-luc-led-7-seg-74hc595.png>
Package pdftex.def Info: phu-luc/image/bai-2-phu-luc-led-7-seg-74hc595.png used
 on input line 141.
(pdftex.def)             Requested size: 423.8324pt x 234.87692pt.

Underfull \hbox (badness 10000) in paragraph at lines 145--146

 []

(./BAI-2-PHU-LUC-LED-7-SEG-V2.C [100 <./phu-luc/image/bai-2-phu-luc-led-7-seg-7
4hc595.png>]) [101]
<phu-luc/image/bai-2-phu-luc-4-led-7-seg.png, id=3022, 831.105pt x 454.69875pt>
File: phu-luc/image/bai-2-phu-luc-4-led-7-seg.png Graphic file (type png)
<use phu-luc/image/bai-2-phu-luc-4-led-7-seg.png>
Package pdftex.def Info: phu-luc/image/bai-2-phu-luc-4-led-7-seg.png used on in
put line 152.
(pdftex.def)             Requested size: 415.55148pt x 227.34882pt.

Underfull \hbox (badness 10000) in paragraph at lines 162--163

 []

(./BAI-2-PHU-LUC-4-LED-7-SEG-V1.C [102 <./phu-luc/image/bai-2-phu-luc-4-led-7-s
eg.png>] [103])
<phu-luc/image/bai-2-phu-luc-4-led-7-seg-74hc595.png, id=3085, 839.38594pt x 46
5.99094pt>
File: phu-luc/image/bai-2-phu-luc-4-led-7-seg-74hc595.png Graphic file (type pn
g)
 <use phu-luc/image/bai-2-phu-luc-4-led-7-seg-74hc595.png>
Package pdftex.def Info: phu-luc/image/bai-2-phu-luc-4-led-7-seg-74hc595.png us
ed on input line 168.
(pdftex.def)             Requested size: 419.69194pt x 232.99489pt.

Underfull \hbox (badness 10000) in paragraph at lines 178--179

 []

[104 <./phu-luc/image/bai-2-phu-luc-4-led-7-seg-74hc595.png>]
(./BAI-2-PHU-LUC-4-LED-7-SEG-V2.C [105])) [106]
Ph\d {u} l\d {u}c E.
(./DS3231.H [107

]) (./DS3231.C [108] [109] [110]) Excluding 'comment' comment.
Excluding 'comment' comment. (./phu-luc/phu-luc-tu-khoa-trong-fuses.tex
[111]
Ph\d {u} l\d {u}c F.

Overfull \hbox (23.59886pt too wide) in alignment at lines 6--26
 [] [] [] [] 
 []


Underfull \vbox (badness 10000) detected at line 26
 []


Overfull \hbox (23.59886pt too wide) in alignment at lines 26--41
 [] [] [] [] 
 []


LaTeX Warning: Float too large for page by 23.63948pt on input line 45.


LaTeX Warning: `!h' float specifier changed to `!ht'.

))
Package atveryend Info: Empty hook `BeforeClearDocument' on input line 74.
 [112

] [113]
Package atveryend Info: Empty hook `AfterLastShipout' on input line 74.
 (./Bao-Cao-Vi-Dieu-Khien.aux)
Package atveryend Info: Executing hook `AtVeryEndDocument' on input line 74.
Package atveryend Info: Executing hook `AtEndAfterFileList' on input line 74.
Package rerunfilecheck Info: File `Bao-Cao-Vi-Dieu-Khien.out' has not changed.
(rerunfilecheck)             Checksum: 4498B8C7B70BC7B6E29AF20A675B8D31;14215.
Package atveryend Info: Empty hook `AtVeryVeryEnd' on input line 74.
 ) 
Here is how much of TeX's memory you used:
 18156 strings out of 493304
 255181 string characters out of 6139871
 372243 words of memory out of 5000000
 18756 multiletter control sequences out of 15000+600000
 31465 words of font info for 64 fonts, out of 8000000 for 9000
 957 hyphenation exceptions out of 8191
 36i,12n,49p,711b,1923s stack positions out of 5000i,500n,10000p,200000b,80000s
</usr/share/texlive/texmf-dist/fonts/type1/public/amsfonts/cm/cmmi12.pfb></us
r/share/texlive/texmf-dist/fonts/type1/public/amsfonts/cm/cmmi9.pfb></usr/share
/texlive/texmf-dist/fonts/type1/public/amsfonts/cm/cmr12.pfb></usr/share/texliv
e/texmf-dist/fonts/type1/public/amsfonts/cm/cmr9.pfb></usr/share/texlive/texmf-
dist/fonts/type1/public/amsfonts/cm/cmsy10.pfb></usr/share/texlive/texmf-dist/f
onts/type1/public/amsfonts/cm/cmsy9.pfb></usr/share/texlive/texmf-dist/fonts/ty
pe1/vntex/vnr/vnbx12.pfb></usr/share/texlive/texmf-dist/fonts/type1/vntex/vnr/v
nr10.pfb></usr/share/texlive/texmf-dist/fonts/type1/vntex/vnr/vnr12.pfb></usr/s
hare/texlive/texmf-dist/fonts/type1/vntex/vnr/vnr6.pfb></usr/share/texlive/texm
f-dist/fonts/type1/vntex/vnr/vnr7.pfb></usr/share/texlive/texmf-dist/fonts/type
1/vntex/vnr/vnr9.pfb></usr/share/texlive/texmf-dist/fonts/type1/vntex/vnr/vnti1
2.pfb></usr/share/texlive/texmf-dist/fonts/type1/vntex/vnr/vnti9.pfb></usr/shar
e/texlive/texmf-dist/fonts/type1/vntex/vnr/vntt12.pfb>
Output written on Bao-Cao-Vi-Dieu-Khien.pdf (120 pages, 4585770 bytes).
PDF statistics:
 3969 PDF objects out of 4296 (max. 8388607)
 3751 compressed objects within 38 object streams
 2461 named destinations out of 2487 (max. 500000)
 982 words of extra memory for PDF output out of 10000 (max. 10000000)

